2026-05-27 10:00:01.603 [background-preinit] [] INFO  o.h.validator.internal.util.Version - HV000001: Hibernate Validator 8.0.1.Final
2026-05-27 10:00:01.738 [main] [] INFO  c.academic.AdminServiceApplication - Starting AdminServiceApplication using Java 21.0.9 with PID 84544 (D:\ABS\academic-microservices\admin-service\target\classes started by 23189 in D:\ABS\academic-microservices\admin-service)
2026-05-27 10:00:01.738 [main] [] DEBUG c.academic.AdminServiceApplication - Running with Spring Boot v3.2.5, Spring v6.1.6
2026-05-27 10:00:01.741 [main] [] INFO  c.academic.AdminServiceApplication - No active profile set, falling back to 1 default profile: "default"
2026-05-27 10:00:03.937 [main] [] INFO  o.s.d.r.c.RepositoryConfigurationDelegate - Multiple Spring Data modules found, entering strict repository configuration mode
2026-05-27 10:00:03.943 [main] [] INFO  o.s.d.r.c.RepositoryConfigurationDelegate - Bootstrapping Spring Data Redis repositories in DEFAULT mode.
2026-05-27 10:00:04.010 [main] [] INFO  o.s.d.r.c.RepositoryConfigurationDelegate - Finished Spring Data repository scanning in 43 ms. Found 0 Redis repository interfaces.
2026-05-27 10:00:04.581 [main] [] INFO  o.s.cloud.context.scope.GenericScope - BeanFactory id=7ed78904-8fe9-31f3-9afe-a455e96587fc
2026-05-27 10:00:05.354 [main] [] WARN  o.s.c.s.PostProcessorRegistrationDelegate$BeanPostProcessorChecker - Bean 'org.springframework.cloud.client.loadbalancer.LoadBalancerAutoConfiguration$DeferringLoadBalancerInterceptorConfig' of type [org.springframework.cloud.client.loadbalancer.LoadBalancerAutoConfiguration$DeferringLoadBalancerInterceptorConfig] is not eligible for getting processed by all BeanPostProcessors (for example: not eligible for auto-proxying). The currently created BeanPostProcessor [lbRestClientPostProcessor] is declared through a non-static factory method on that class; consider declaring it as static instead.
2026-05-27 10:00:05.362 [main] [] WARN  o.s.c.s.PostProcessorRegistrationDelegate$BeanPostProcessorChecker - Bean 'deferringLoadBalancerInterceptor' of type [org.springframework.cloud.client.loadbalancer.DeferringLoadBalancerInterceptor] is not eligible for getting processed by all BeanPostProcessors (for example: not eligible for auto-proxying). Is this bean getting eagerly injected into a currently created BeanPostProcessor [lbRestClientPostProcessor]? Check the corresponding BeanPostProcessor declaration and its dependencies.
2026-05-27 10:00:05.957 [main] [] INFO  o.s.b.w.e.tomcat.TomcatWebServer - Tomcat initialized with port 8070 (http)
2026-05-27 10:00:05.974 [main] [] INFO  o.a.coyote.http11.Http11NioProtocol - Initializing ProtocolHandler ["http-nio-8070"]
2026-05-27 10:00:05.976 [main] [] INFO  o.a.catalina.core.StandardService - Starting service [Tomcat]
2026-05-27 10:00:05.976 [main] [] INFO  o.a.catalina.core.StandardEngine - Starting Servlet engine: [Apache Tomcat/10.1.20]
2026-05-27 10:00:06.115 [main] [] INFO  o.a.c.c.C.[Tomcat].[localhost].[/] - Initializing Spring embedded WebApplicationContext
2026-05-27 10:00:06.115 [main] [] INFO  o.s.b.w.s.c.ServletWebServerApplicationContext - Root WebApplicationContext: initialization completed in 4275 ms
2026-05-27 10:00:06.693 [main] [] INFO  c.a.nacos.client.utils.ParamUtil - [settings] [req-serv] nacos-server port:8848
2026-05-27 10:00:06.693 [main] [] INFO  c.a.nacos.client.utils.ParamUtil - [settings] [http-client] connect timeout:1000
2026-05-27 10:00:06.693 [main] [] INFO  c.a.nacos.client.utils.ParamUtil - PER_TASK_CONFIG_SIZE: 3000.0
2026-05-27 10:00:06.702 [Thread-3] [] INFO  c.a.n.c.a.r.i.CredentialWatcher - null No credential found
2026-05-27 10:00:06.733 [main] [] INFO  com.alibaba.nacos.common.labels - DefaultLabelsCollectorManager get labels.....
2026-05-27 10:00:06.733 [main] [] INFO  com.alibaba.nacos.common.labels - Process LabelsCollector with [name:defaultNacosLabelsCollector]
2026-05-27 10:00:06.733 [main] [] INFO  com.alibaba.nacos.common.labels - default nacos collect properties raw labels: null
2026-05-27 10:00:06.736 [main] [] INFO  com.alibaba.nacos.common.labels - default nacos collect properties labels: {}
2026-05-27 10:00:06.736 [main] [] INFO  com.alibaba.nacos.common.labels - default nacos collect jvm raw labels: null
2026-05-27 10:00:06.736 [main] [] INFO  com.alibaba.nacos.common.labels - default nacos collect jvm labels: {}
2026-05-27 10:00:06.736 [main] [] INFO  com.alibaba.nacos.common.labels - default nacos collect env raw labels: null
2026-05-27 10:00:06.736 [main] [] INFO  com.alibaba.nacos.common.labels - default nacos collect env labels: {}
2026-05-27 10:00:06.736 [main] [] INFO  com.alibaba.nacos.common.labels - DefaultLabelsCollectorManager get labels finished,labels :{}
2026-05-27 10:00:06.752 [main] [] INFO  c.a.n.p.a.s.c.ClientAuthPluginManager - [ClientAuthPluginManager] Load ClientAuthService com.alibaba.nacos.client.auth.impl.NacosClientAuthServiceImpl success.
2026-05-27 10:00:06.752 [main] [] INFO  c.a.n.p.a.s.c.ClientAuthPluginManager - [ClientAuthPluginManager] Load ClientAuthService com.alibaba.nacos.client.auth.ram.RamClientAuthServiceImpl success.
2026-05-27 10:00:06.758 [main] [] INFO  c.a.n.client.config.impl.CacheData - config listener notify warn timeout millis use default 60000 millis 
2026-05-27 10:00:06.759 [main] [] INFO  c.a.n.client.config.impl.CacheData - nacos.cache.data.init.snapshot = true 
2026-05-27 10:00:06.761 [main] [] INFO  c.a.n.c.c.i.LocalConfigInfoProcessor - LOCAL_SNAPSHOT_PATH:C:\Users\23189\nacos\config
2026-05-27 10:00:06.763 [main] [] INFO  c.a.n.c.config.impl.ClientWorker - [fixed-localhost_8848] [subscribe] Sentinel_DEMO_GROUP:sentinel-flow-rules+public
2026-05-27 10:00:06.774 [main] [] INFO  c.a.n.client.config.impl.CacheData - [fixed-localhost_8848] [add-listener] ok, tenant=, dataId=Sentinel_DEMO_GROUP:sentinel-flow-rules, group=public, cnt=1
2026-05-27 10:00:06.783 [com.alibaba.nacos.client.Worker.0] [] INFO  c.alibaba.nacos.common.remote.client - [RpcClientFactory] create a new rpc client of e230d11f-a7c0-4fc7-87da-d48441d0e24b_config-0
2026-05-27 10:00:06.818 [com.alibaba.nacos.client.Worker.0] [] INFO  c.alibaba.nacos.common.remote.client - [e230d11f-a7c0-4fc7-87da-d48441d0e24b_config-0] Register server push request handler:com.alibaba.nacos.client.config.impl.ClientWorker$ConfigRpcTransportClient$$Lambda/0x000001f481657688
2026-05-27 10:00:06.818 [com.alibaba.nacos.client.Worker.0] [] INFO  c.alibaba.nacos.common.remote.client - [e230d11f-a7c0-4fc7-87da-d48441d0e24b_config-0] Register server push request handler:com.alibaba.nacos.client.config.impl.ClientWorker$ConfigRpcTransportClient$$Lambda/0x000001f481657ab8
2026-05-27 10:00:06.819 [com.alibaba.nacos.client.Worker.0] [] INFO  c.alibaba.nacos.common.remote.client - [e230d11f-a7c0-4fc7-87da-d48441d0e24b_config-0] Registry connection listener to current client:com.alibaba.nacos.client.config.impl.ClientWorker$ConfigRpcTransportClient$1
2026-05-27 10:00:06.820 [com.alibaba.nacos.client.Worker.0] [] INFO  c.alibaba.nacos.common.remote.client - [e230d11f-a7c0-4fc7-87da-d48441d0e24b_config-0] RpcClient init, ServerListFactory = com.alibaba.nacos.client.config.impl.ClientWorker$ConfigRpcTransportClient$2
2026-05-27 10:00:06.830 [com.alibaba.nacos.client.Worker.0] [] INFO  c.alibaba.nacos.common.remote.client - [e230d11f-a7c0-4fc7-87da-d48441d0e24b_config-0] Try to connect to server on start up, server: {serverIp = 'localhost', server main port = 8848}
2026-05-27 10:00:06.892 [com.alibaba.nacos.client.Worker.0] [] INFO  c.a.n.c.r.client.grpc.GrpcClient - grpc client connection server:localhost ip,serverPort:9848,grpcTslConfig:{"sslProvider":"","enableTls":false,"mutualAuthEnable":false,"trustAll":false}
2026-05-27 10:00:09.405 [com.alibaba.nacos.client.Worker.0] [] INFO  c.a.n.c.a.AbstractAbilityControlManager - Ready to get current node abilities...
2026-05-27 10:00:09.407 [com.alibaba.nacos.client.Worker.0] [] INFO  c.a.n.c.a.AbstractAbilityControlManager - Ready to initialize current node abilities, support modes: [SDK_CLIENT]
2026-05-27 10:00:09.407 [com.alibaba.nacos.client.Worker.0] [] INFO  c.a.n.c.a.AbstractAbilityControlManager - Initialize current abilities finish...
2026-05-27 10:00:09.407 [com.alibaba.nacos.client.Worker.0] [] INFO  c.a.n.c.a.d.NacosAbilityManagerHolder - [AbilityControlManager] Successfully initialize AbilityControlManager
2026-05-27 10:00:09.439 [com.alibaba.nacos.client.Worker.0] [] INFO  c.alibaba.nacos.common.remote.client - [e230d11f-a7c0-4fc7-87da-d48441d0e24b_config-0] Success to connect to server [localhost:8848] on start up, connectionId = 1779847209244_127.0.0.1_55669
2026-05-27 10:00:09.439 [com.alibaba.nacos.client.remote.worker.0] [] INFO  c.alibaba.nacos.common.remote.client - [e230d11f-a7c0-4fc7-87da-d48441d0e24b_config-0] Notify connected event to listeners.
2026-05-27 10:00:09.439 [com.alibaba.nacos.client.Worker.0] [] INFO  c.alibaba.nacos.common.remote.client - [e230d11f-a7c0-4fc7-87da-d48441d0e24b_config-0] Register server push request handler:com.alibaba.nacos.common.remote.client.RpcClient$ConnectResetRequestHandler
2026-05-27 10:00:09.442 [com.alibaba.nacos.client.remote.worker.0] [] INFO  c.a.n.c.config.impl.ClientWorker - [e230d11f-a7c0-4fc7-87da-d48441d0e24b_config-0] Connected,notify listen context...
2026-05-27 10:00:09.442 [com.alibaba.nacos.client.Worker.0] [] INFO  c.alibaba.nacos.common.remote.client - [e230d11f-a7c0-4fc7-87da-d48441d0e24b_config-0] Register server push request handler:com.alibaba.nacos.common.remote.client.RpcClient$$Lambda/0x000001f4817b8ee8
2026-05-27 10:00:09.534 [main] [] INFO  c.a.nacos.client.config.impl.Limiter - limitTime:5.0
2026-05-27 10:00:09.659 [main] [] INFO  com.alibaba.nacos.common.labels - DefaultLabelsCollectorManager get labels.....
2026-05-27 10:00:09.659 [main] [] INFO  com.alibaba.nacos.common.labels - Process LabelsCollector with [name:defaultNacosLabelsCollector]
2026-05-27 10:00:09.659 [main] [] INFO  com.alibaba.nacos.common.labels - default nacos collect properties raw labels: null
2026-05-27 10:00:09.661 [main] [] INFO  com.alibaba.nacos.common.labels - default nacos collect properties labels: {}
2026-05-27 10:00:09.661 [main] [] INFO  com.alibaba.nacos.common.labels - default nacos collect jvm raw labels: null
2026-05-27 10:00:09.661 [main] [] INFO  com.alibaba.nacos.common.labels - default nacos collect jvm labels: {}
2026-05-27 10:00:09.661 [main] [] INFO  com.alibaba.nacos.common.labels - default nacos collect env raw labels: null
2026-05-27 10:00:09.661 [main] [] INFO  com.alibaba.nacos.common.labels - default nacos collect env labels: {}
2026-05-27 10:00:09.661 [main] [] INFO  com.alibaba.nacos.common.labels - DefaultLabelsCollectorManager get labels finished,labels :{}
2026-05-27 10:00:09.661 [main] [] INFO  c.a.n.p.a.s.c.ClientAuthPluginManager - [ClientAuthPluginManager] Load ClientAuthService com.alibaba.nacos.client.auth.impl.NacosClientAuthServiceImpl success.
2026-05-27 10:00:09.662 [main] [] INFO  c.a.n.p.a.s.c.ClientAuthPluginManager - [ClientAuthPluginManager] Load ClientAuthService com.alibaba.nacos.client.auth.ram.RamClientAuthServiceImpl success.
2026-05-27 10:00:09.664 [main] [] INFO  c.a.n.c.config.impl.ClientWorker - [fixed-localhost_8848] [subscribe] Sentinel_DEMO_GROUP:sentinel-degrade-rules+public
2026-05-27 10:00:09.664 [main] [] INFO  c.a.n.client.config.impl.CacheData - [fixed-localhost_8848] [add-listener] ok, tenant=, dataId=Sentinel_DEMO_GROUP:sentinel-degrade-rules, group=public, cnt=1
2026-05-27 10:00:09.666 [com.alibaba.nacos.client.Worker.1] [] INFO  c.alibaba.nacos.common.remote.client - [RpcClientFactory] create a new rpc client of 84c1ec2a-4c99-4565-908c-55aabbd19374_config-0
2026-05-27 10:00:09.666 [com.alibaba.nacos.client.Worker.1] [] INFO  c.alibaba.nacos.common.remote.client - [84c1ec2a-4c99-4565-908c-55aabbd19374_config-0] Register server push request handler:com.alibaba.nacos.client.config.impl.ClientWorker$ConfigRpcTransportClient$$Lambda/0x000001f481657688
2026-05-27 10:00:09.666 [com.alibaba.nacos.client.Worker.1] [] INFO  c.alibaba.nacos.common.remote.client - [84c1ec2a-4c99-4565-908c-55aabbd19374_config-0] Register server push request handler:com.alibaba.nacos.client.config.impl.ClientWorker$ConfigRpcTransportClient$$Lambda/0x000001f481657ab8
2026-05-27 10:00:09.666 [com.alibaba.nacos.client.Worker.1] [] INFO  c.alibaba.nacos.common.remote.client - [84c1ec2a-4c99-4565-908c-55aabbd19374_config-0] Registry connection listener to current client:com.alibaba.nacos.client.config.impl.ClientWorker$ConfigRpcTransportClient$1
2026-05-27 10:00:09.666 [com.alibaba.nacos.client.Worker.1] [] INFO  c.alibaba.nacos.common.remote.client - [84c1ec2a-4c99-4565-908c-55aabbd19374_config-0] RpcClient init, ServerListFactory = com.alibaba.nacos.client.config.impl.ClientWorker$ConfigRpcTransportClient$2
2026-05-27 10:00:09.666 [com.alibaba.nacos.client.Worker.1] [] INFO  c.alibaba.nacos.common.remote.client - [84c1ec2a-4c99-4565-908c-55aabbd19374_config-0] Try to connect to server on start up, server: {serverIp = 'localhost', server main port = 8848}
2026-05-27 10:00:09.668 [com.alibaba.nacos.client.Worker.1] [] INFO  c.a.n.c.r.client.grpc.GrpcClient - grpc client connection server:localhost ip,serverPort:9848,grpcTslConfig:{"sslProvider":"","enableTls":false,"mutualAuthEnable":false,"trustAll":false}
2026-05-27 10:00:09.712 [com.alibaba.nacos.client.Worker.1] [] INFO  c.alibaba.nacos.common.remote.client - [84c1ec2a-4c99-4565-908c-55aabbd19374_config-0] Success to connect to server [localhost:8848] on start up, connectionId = 1779847209702_127.0.0.1_49682
2026-05-27 10:00:09.713 [com.alibaba.nacos.client.Worker.1] [] INFO  c.alibaba.nacos.common.remote.client - [84c1ec2a-4c99-4565-908c-55aabbd19374_config-0] Register server push request handler:com.alibaba.nacos.common.remote.client.RpcClient$ConnectResetRequestHandler
2026-05-27 10:00:09.713 [com.alibaba.nacos.client.remote.worker.0] [] INFO  c.alibaba.nacos.common.remote.client - [84c1ec2a-4c99-4565-908c-55aabbd19374_config-0] Notify connected event to listeners.
2026-05-27 10:00:09.713 [com.alibaba.nacos.client.Worker.1] [] INFO  c.alibaba.nacos.common.remote.client - [84c1ec2a-4c99-4565-908c-55aabbd19374_config-0] Register server push request handler:com.alibaba.nacos.common.remote.client.RpcClient$$Lambda/0x000001f4817b8ee8
2026-05-27 10:00:09.713 [com.alibaba.nacos.client.remote.worker.0] [] INFO  c.a.n.c.config.impl.ClientWorker - [84c1ec2a-4c99-4565-908c-55aabbd19374_config-0] Connected,notify listen context...
2026-05-27 10:00:09.725 [main] [] INFO  com.alibaba.nacos.common.labels - DefaultLabelsCollectorManager get labels.....
2026-05-27 10:00:09.725 [main] [] INFO  com.alibaba.nacos.common.labels - Process LabelsCollector with [name:defaultNacosLabelsCollector]
2026-05-27 10:00:09.725 [main] [] INFO  com.alibaba.nacos.common.labels - default nacos collect properties raw labels: null
2026-05-27 10:00:09.725 [main] [] INFO  com.alibaba.nacos.common.labels - default nacos collect properties labels: {}
2026-05-27 10:00:09.725 [main] [] INFO  com.alibaba.nacos.common.labels - default nacos collect jvm raw labels: null
2026-05-27 10:00:09.725 [main] [] INFO  com.alibaba.nacos.common.labels - default nacos collect jvm labels: {}
2026-05-27 10:00:09.725 [main] [] INFO  com.alibaba.nacos.common.labels - default nacos collect env raw labels: null
2026-05-27 10:00:09.725 [main] [] INFO  com.alibaba.nacos.common.labels - default nacos collect env labels: {}
2026-05-27 10:00:09.725 [main] [] INFO  com.alibaba.nacos.common.labels - DefaultLabelsCollectorManager get labels finished,labels :{}
2026-05-27 10:00:09.725 [main] [] INFO  c.a.n.p.a.s.c.ClientAuthPluginManager - [ClientAuthPluginManager] Load ClientAuthService com.alibaba.nacos.client.auth.impl.NacosClientAuthServiceImpl success.
2026-05-27 10:00:09.725 [main] [] INFO  c.a.n.p.a.s.c.ClientAuthPluginManager - [ClientAuthPluginManager] Load ClientAuthService com.alibaba.nacos.client.auth.ram.RamClientAuthServiceImpl success.
2026-05-27 10:00:09.728 [main] [] INFO  c.a.n.c.config.impl.ClientWorker - [fixed-localhost_8848] [subscribe] Sentinel_DEMO_GROUP:sentinel-system-rules+public
2026-05-27 10:00:09.728 [main] [] INFO  c.a.n.client.config.impl.CacheData - [fixed-localhost_8848] [add-listener] ok, tenant=, dataId=Sentinel_DEMO_GROUP:sentinel-system-rules, group=public, cnt=1
2026-05-27 10:00:09.730 [main] [] INFO  c.alibaba.nacos.common.remote.client - [RpcClientFactory] create a new rpc client of 807fe471-a562-4e9e-abfd-71e400e56ff4_config-0
2026-05-27 10:00:09.730 [main] [] INFO  c.alibaba.nacos.common.remote.client - [807fe471-a562-4e9e-abfd-71e400e56ff4_config-0] Register server push request handler:com.alibaba.nacos.client.config.impl.ClientWorker$ConfigRpcTransportClient$$Lambda/0x000001f481657688
2026-05-27 10:00:09.730 [main] [] INFO  c.alibaba.nacos.common.remote.client - [807fe471-a562-4e9e-abfd-71e400e56ff4_config-0] Register server push request handler:com.alibaba.nacos.client.config.impl.ClientWorker$ConfigRpcTransportClient$$Lambda/0x000001f481657ab8
2026-05-27 10:00:09.730 [main] [] INFO  c.alibaba.nacos.common.remote.client - [807fe471-a562-4e9e-abfd-71e400e56ff4_config-0] Registry connection listener to current client:com.alibaba.nacos.client.config.impl.ClientWorker$ConfigRpcTransportClient$1
2026-05-27 10:00:09.730 [main] [] INFO  c.alibaba.nacos.common.remote.client - [807fe471-a562-4e9e-abfd-71e400e56ff4_config-0] RpcClient init, ServerListFactory = com.alibaba.nacos.client.config.impl.ClientWorker$ConfigRpcTransportClient$2
2026-05-27 10:00:09.730 [main] [] INFO  c.alibaba.nacos.common.remote.client - [807fe471-a562-4e9e-abfd-71e400e56ff4_config-0] Try to connect to server on start up, server: {serverIp = 'localhost', server main port = 8848}
2026-05-27 10:00:09.730 [main] [] INFO  c.a.n.c.r.client.grpc.GrpcClient - grpc client connection server:localhost ip,serverPort:9848,grpcTslConfig:{"sslProvider":"","enableTls":false,"mutualAuthEnable":false,"trustAll":false}
2026-05-27 10:00:09.751 [main] [] INFO  c.alibaba.nacos.common.remote.client - [807fe471-a562-4e9e-abfd-71e400e56ff4_config-0] Success to connect to server [localhost:8848] on start up, connectionId = 1779847209738_127.0.0.1_49683
2026-05-27 10:00:09.751 [main] [] INFO  c.alibaba.nacos.common.remote.client - [807fe471-a562-4e9e-abfd-71e400e56ff4_config-0] Register server push request handler:com.alibaba.nacos.common.remote.client.RpcClient$ConnectResetRequestHandler
2026-05-27 10:00:09.751 [com.alibaba.nacos.client.remote.worker.0] [] INFO  c.alibaba.nacos.common.remote.client - [807fe471-a562-4e9e-abfd-71e400e56ff4_config-0] Notify connected event to listeners.
2026-05-27 10:00:09.751 [main] [] INFO  c.alibaba.nacos.common.remote.client - [807fe471-a562-4e9e-abfd-71e400e56ff4_config-0] Register server push request handler:com.alibaba.nacos.common.remote.client.RpcClient$$Lambda/0x000001f4817b8ee8
2026-05-27 10:00:09.751 [com.alibaba.nacos.client.remote.worker.0] [] INFO  c.a.n.c.config.impl.ClientWorker - [807fe471-a562-4e9e-abfd-71e400e56ff4_config-0] Connected,notify listen context...
2026-05-27 10:00:09.762 [main] [] INFO  c.academic.config.SentinelRuleConfig - Sentinel Nacos 动态数据源初始化成功
2026-05-27 10:00:09.763 [main] [] INFO  c.academic.config.SentinelRuleConfig - Sentinel 限流规则初始化完成，Nacos地址: localhost:8848, Namespace: public, Group: Sentinel_DEMO_GROUP
2026-05-27 10:00:10.154 [main] [] DEBUG c.b.m.e.s.MybatisSqlSessionFactoryBean - Property 'mapperLocations' was not specified.
2026-05-27 10:00:10.154 [main] [] DEBUG c.b.m.core.toolkit.Sequence - Use localhost address 
2026-05-27 10:00:10.154 [main] [] DEBUG c.b.m.core.toolkit.Sequence - Get LMblkw/172.16.39.236 network interface 
2026-05-27 10:00:10.158 [main] [] DEBUG c.b.m.core.toolkit.Sequence - Get network interface info: name:wireless_32768 (RZ616 Wi-Fi 6E 160MHz)
2026-05-27 10:00:10.158 [main] [] DEBUG c.b.m.core.toolkit.Sequence - Initialization Sequence datacenterId:13 workerId:23
2026-05-27 10:00:10.196 [main] [] INFO  com.zaxxer.hikari.HikariDataSource - HikariPool-1 - Starting...
2026-05-27 10:00:10.481 [main] [] INFO  com.zaxxer.hikari.pool.HikariPool - HikariPool-1 - Added connection com.mysql.cj.jdbc.ConnectionImpl@1d9bd4d6
2026-05-27 10:00:10.485 [main] [] INFO  com.zaxxer.hikari.HikariDataSource - HikariPool-1 - Start completed.
2026-05-27 10:00:11.606 [main] [] ERROR o.m.spring.mapper.MapperFactoryBean - Error while adding the mapper 'interface com.academic.mapper.ScoreRecordMapper' to configuration.
java.lang.TypeNotPresentException: Type com.academic.common.entity.ScoreRecord not present
	at java.base/sun.reflect.generics.factory.CoreReflectionFactory.makeNamedType(CoreReflectionFactory.java:117)
	at java.base/sun.reflect.generics.visitor.Reifier.visitClassTypeSignature(Reifier.java:125)
	at java.base/sun.reflect.generics.tree.ClassTypeSignature.accept(ClassTypeSignature.java:49)
	at java.base/sun.reflect.generics.visitor.Reifier.reifyTypeArguments(Reifier.java:68)
	at java.base/sun.reflect.generics.visitor.Reifier.visitClassTypeSignature(Reifier.java:138)
	at java.base/sun.reflect.generics.tree.ClassTypeSignature.accept(ClassTypeSignature.java:49)
	at java.base/sun.reflect.generics.repository.ClassRepository.computeSuperInterfaces(ClassRepository.java:117)
	at java.base/sun.reflect.generics.repository.ClassRepository.getSuperInterfaces(ClassRepository.java:95)
	at java.base/java.lang.Class.getGenericInterfaces(Class.java:1298)
	at org.springframework.core.ResolvableType.getInterfaces(ResolvableType.java:517)
	at org.springframework.core.ResolvableType.as(ResolvableType.java:465)
	at org.springframework.core.GenericTypeResolver.resolveTypeArguments(GenericTypeResolver.java:139)
	at com.baomidou.mybatisplus.core.toolkit.reflect.SpringReflectionHelper.resolveTypeArguments(SpringReflectionHelper.java:30)
	at com.baomidou.mybatisplus.core.toolkit.reflect.GenericTypeUtils.resolveTypeArguments(GenericTypeUtils.java:51)
	at com.baomidou.mybatisplus.core.toolkit.ReflectionKit.getSuperClassGenericType(ReflectionKit.java:102)
	at com.baomidou.mybatisplus.core.injector.AbstractSqlInjector.inspectInject(AbstractSqlInjector.java:45)
	at com.baomidou.mybatisplus.core.MybatisMapperAnnotationBuilder.parserInjector(MybatisMapperAnnotationBuilder.java:126)
	at com.baomidou.mybatisplus.core.MybatisMapperAnnotationBuilder.parse(MybatisMapperAnnotationBuilder.java:116)
	at com.baomidou.mybatisplus.core.MybatisMapperRegistry.addMapper(MybatisMapperRegistry.java:90)
	at com.baomidou.mybatisplus.core.MybatisConfiguration.addMapper(MybatisConfiguration.java:129)
	at org.mybatis.spring.mapper.MapperFactoryBean.checkDaoConfig(MapperFactoryBean.java:80)
	at org.springframework.dao.support.DaoSupport.afterPropertiesSet(DaoSupport.java:44)
	at org.springframework.beans.factory.support.AbstractAutowireCapableBeanFactory.invokeInitMethods(AbstractAutowireCapableBeanFactory.java:1833)
	at org.springframework.beans.factory.support.AbstractAutowireCapableBeanFactory.initializeBean(AbstractAutowireCapableBeanFactory.java:1782)
	at org.springframework.beans.factory.support.AbstractAutowireCapableBeanFactory.doCreateBean(AbstractAutowireCapableBeanFactory.java:600)
	at org.springframework.beans.factory.support.AbstractAutowireCapableBeanFactory.createBean(AbstractAutowireCapableBeanFactory.java:522)
	at org.springframework.beans.factory.support.AbstractBeanFactory.lambda$doGetBean$0(AbstractBeanFactory.java:326)
	at org.springframework.beans.factory.support.DefaultSingletonBeanRegistry.getSingleton(DefaultSingletonBeanRegistry.java:234)
	at org.springframework.beans.factory.support.AbstractBeanFactory.doGetBean(AbstractBeanFactory.java:324)
	at org.springframework.beans.factory.support.AbstractBeanFactory.getBean(AbstractBeanFactory.java:200)
	at org.springframework.beans.factory.config.DependencyDescriptor.resolveCandidate(DependencyDescriptor.java:254)
	at org.springframework.beans.factory.support.DefaultListableBeanFactory.doResolveDependency(DefaultListableBeanFactory.java:1443)
	at org.springframework.beans.factory.support.DefaultListableBeanFactory.resolveDependency(DefaultListableBeanFactory.java:1353)
	at org.springframework.beans.factory.annotation.AutowiredAnnotationBeanPostProcessor$AutowiredFieldElement.resolveFieldValue(AutowiredAnnotationBeanPostProcessor.java:784)
	at org.springframework.beans.factory.annotation.AutowiredAnnotationBeanPostProcessor$AutowiredFieldElement.inject(AutowiredAnnotationBeanPostProcessor.java:767)
	at org.springframework.beans.factory.annotation.InjectionMetadata.inject(InjectionMetadata.java:145)
	at org.springframework.beans.factory.annotation.AutowiredAnnotationBeanPostProcessor.postProcessProperties(AutowiredAnnotationBeanPostProcessor.java:508)
	at org.springframework.beans.factory.support.AbstractAutowireCapableBeanFactory.populateBean(AbstractAutowireCapableBeanFactory.java:1419)
	at org.springframework.beans.factory.support.AbstractAutowireCapableBeanFactory.doCreateBean(AbstractAutowireCapableBeanFactory.java:599)
	at org.springframework.beans.factory.support.AbstractAutowireCapableBeanFactory.createBean(AbstractAutowireCapableBeanFactory.java:522)
	at org.springframework.beans.factory.support.AbstractBeanFactory.lambda$doGetBean$0(AbstractBeanFactory.java:326)
	at org.springframework.beans.factory.support.DefaultSingletonBeanRegistry.getSingleton(DefaultSingletonBeanRegistry.java:234)
	at org.springframework.beans.factory.support.AbstractBeanFactory.doGetBean(AbstractBeanFactory.java:324)
	at org.springframework.beans.factory.support.AbstractBeanFactory.getBean(AbstractBeanFactory.java:200)
	at org.springframework.beans.factory.support.DefaultListableBeanFactory.preInstantiateSingletons(DefaultListableBeanFactory.java:975)
	at org.springframework.context.support.AbstractApplicationContext.finishBeanFactoryInitialization(AbstractApplicationContext.java:962)
	at org.springframework.context.support.AbstractApplicationContext.refresh(AbstractApplicationContext.java:624)
	at org.springframework.boot.web.servlet.context.ServletWebServerApplicationContext.refresh(ServletWebServerApplicationContext.java:146)
	at org.springframework.boot.SpringApplication.refresh(SpringApplication.java:754)
	at org.springframework.boot.SpringApplication.refreshContext(SpringApplication.java:456)
	at org.springframework.boot.SpringApplication.run(SpringApplication.java:334)
	at org.springframework.boot.SpringApplication.run(SpringApplication.java:1354)
	at org.springframework.boot.SpringApplication.run(SpringApplication.java:1343)
	at com.academic.AdminServiceApplication.main(AdminServiceApplication.java:20)
Caused by: java.lang.ClassNotFoundException: com.academic.common.entity.ScoreRecord
	at java.base/jdk.internal.loader.BuiltinClassLoader.loadClass(BuiltinClassLoader.java:641)
	at java.base/jdk.internal.loader.ClassLoaders$AppClassLoader.loadClass(ClassLoaders.java:188)
	at java.base/java.lang.ClassLoader.loadClass(ClassLoader.java:526)
	at java.base/java.lang.Class.forName0(Native Method)
	at java.base/java.lang.Class.forName(Class.java:536)
	at java.base/java.lang.Class.forName(Class.java:515)
	at java.base/sun.reflect.generics.factory.CoreReflectionFactory.makeNamedType(CoreReflectionFactory.java:114)
	... 53 common frames omitted
2026-05-27 10:00:11.613 [main] [] WARN  o.s.b.w.s.c.AnnotationConfigServletWebServerApplicationContext - Exception encountered during context initialization - cancelling refresh attempt: org.springframework.beans.factory.UnsatisfiedDependencyException: Error creating bean with name 'adminController': Unsatisfied dependency expressed through field 'scoreRecordMapper': Error creating bean with name 'scoreRecordMapper' defined in file [D:\ABS\academic-microservices\admin-service\target\classes\com\academic\mapper\ScoreRecordMapper.class]: java.lang.TypeNotPresentException: Type com.academic.common.entity.ScoreRecord not present
2026-05-27 10:00:11.616 [main] [] INFO  com.zaxxer.hikari.HikariDataSource - HikariPool-1 - Shutdown initiated...
2026-05-27 10:00:11.652 [main] [] INFO  com.zaxxer.hikari.HikariDataSource - HikariPool-1 - Shutdown completed.
2026-05-27 10:00:11.660 [main] [] INFO  o.a.catalina.core.StandardService - Stopping service [Tomcat]
2026-05-27 10:00:11.686 [main] [] INFO  o.s.b.a.l.ConditionEvaluationReportLogger - 

Error starting ApplicationContext. To display the condition evaluation report re-run your application with 'debug' enabled.
2026-05-27 10:00:11.718 [main] [] ERROR o.s.boot.SpringApplication - Application run failed
org.springframework.beans.factory.UnsatisfiedDependencyException: Error creating bean with name 'adminController': Unsatisfied dependency expressed through field 'scoreRecordMapper': Error creating bean with name 'scoreRecordMapper' defined in file [D:\ABS\academic-microservices\admin-service\target\classes\com\academic\mapper\ScoreRecordMapper.class]: java.lang.TypeNotPresentException: Type com.academic.common.entity.ScoreRecord not present
	at org.springframework.beans.factory.annotation.AutowiredAnnotationBeanPostProcessor$AutowiredFieldElement.resolveFieldValue(AutowiredAnnotationBeanPostProcessor.java:787)
	at org.springframework.beans.factory.annotation.AutowiredAnnotationBeanPostProcessor$AutowiredFieldElement.inject(AutowiredAnnotationBeanPostProcessor.java:767)
	at org.springframework.beans.factory.annotation.InjectionMetadata.inject(InjectionMetadata.java:145)
	at org.springframework.beans.factory.annotation.AutowiredAnnotationBeanPostProcessor.postProcessProperties(AutowiredAnnotationBeanPostProcessor.java:508)
	at org.springframework.beans.factory.support.AbstractAutowireCapableBeanFactory.populateBean(AbstractAutowireCapableBeanFactory.java:1419)
	at org.springframework.beans.factory.support.AbstractAutowireCapableBeanFactory.doCreateBean(AbstractAutowireCapableBeanFactory.java:599)
	at org.springframework.beans.factory.support.AbstractAutowireCapableBeanFactory.createBean(AbstractAutowireCapableBeanFactory.java:522)
	at org.springframework.beans.factory.support.AbstractBeanFactory.lambda$doGetBean$0(AbstractBeanFactory.java:326)
	at org.springframework.beans.factory.support.DefaultSingletonBeanRegistry.getSingleton(DefaultSingletonBeanRegistry.java:234)
	at org.springframework.beans.factory.support.AbstractBeanFactory.doGetBean(AbstractBeanFactory.java:324)
	at org.springframework.beans.factory.support.AbstractBeanFactory.getBean(AbstractBeanFactory.java:200)
	at org.springframework.beans.factory.support.DefaultListableBeanFactory.preInstantiateSingletons(DefaultListableBeanFactory.java:975)
	at org.springframework.context.support.AbstractApplicationContext.finishBeanFactoryInitialization(AbstractApplicationContext.java:962)
	at org.springframework.context.support.AbstractApplicationContext.refresh(AbstractApplicationContext.java:624)
	at org.springframework.boot.web.servlet.context.ServletWebServerApplicationContext.refresh(ServletWebServerApplicationContext.java:146)
	at org.springframework.boot.SpringApplication.refresh(SpringApplication.java:754)
	at org.springframework.boot.SpringApplication.refreshContext(SpringApplication.java:456)
	at org.springframework.boot.SpringApplication.run(SpringApplication.java:334)
	at org.springframework.boot.SpringApplication.run(SpringApplication.java:1354)
	at org.springframework.boot.SpringApplication.run(SpringApplication.java:1343)
	at com.academic.AdminServiceApplication.main(AdminServiceApplication.java:20)
Caused by: org.springframework.beans.factory.BeanCreationException: Error creating bean with name 'scoreRecordMapper' defined in file [D:\ABS\academic-microservices\admin-service\target\classes\com\academic\mapper\ScoreRecordMapper.class]: java.lang.TypeNotPresentException: Type com.academic.common.entity.ScoreRecord not present
	at org.springframework.beans.factory.support.AbstractAutowireCapableBeanFactory.initializeBean(AbstractAutowireCapableBeanFactory.java:1786)
	at org.springframework.beans.factory.support.AbstractAutowireCapableBeanFactory.doCreateBean(AbstractAutowireCapableBeanFactory.java:600)
	at org.springframework.beans.factory.support.AbstractAutowireCapableBeanFactory.createBean(AbstractAutowireCapableBeanFactory.java:522)
	at org.springframework.beans.factory.support.AbstractBeanFactory.lambda$doGetBean$0(AbstractBeanFactory.java:326)
	at org.springframework.beans.factory.support.DefaultSingletonBeanRegistry.getSingleton(DefaultSingletonBeanRegistry.java:234)
	at org.springframework.beans.factory.support.AbstractBeanFactory.doGetBean(AbstractBeanFactory.java:324)
	at org.springframework.beans.factory.support.AbstractBeanFactory.getBean(AbstractBeanFactory.java:200)
	at org.springframework.beans.factory.config.DependencyDescriptor.resolveCandidate(DependencyDescriptor.java:254)
	at org.springframework.beans.factory.support.DefaultListableBeanFactory.doResolveDependency(DefaultListableBeanFactory.java:1443)
	at org.springframework.beans.factory.support.DefaultListableBeanFactory.resolveDependency(DefaultListableBeanFactory.java:1353)
	at org.springframework.beans.factory.annotation.AutowiredAnnotationBeanPostProcessor$AutowiredFieldElement.resolveFieldValue(AutowiredAnnotationBeanPostProcessor.java:784)
	... 20 common frames omitted
Caused by: java.lang.IllegalArgumentException: java.lang.TypeNotPresentException: Type com.academic.common.entity.ScoreRecord not present
	at org.mybatis.spring.mapper.MapperFactoryBean.checkDaoConfig(MapperFactoryBean.java:83)
	at org.springframework.dao.support.DaoSupport.afterPropertiesSet(DaoSupport.java:44)
	at org.springframework.beans.factory.support.AbstractAutowireCapableBeanFactory.invokeInitMethods(AbstractAutowireCapableBeanFactory.java:1833)
	at org.springframework.beans.factory.support.AbstractAutowireCapableBeanFactory.initializeBean(AbstractAutowireCapableBeanFactory.java:1782)
	... 30 common frames omitted
Caused by: java.lang.TypeNotPresentException: Type com.academic.common.entity.ScoreRecord not present
	at java.base/sun.reflect.generics.factory.CoreReflectionFactory.makeNamedType(CoreReflectionFactory.java:117)
	at java.base/sun.reflect.generics.visitor.Reifier.visitClassTypeSignature(Reifier.java:125)
	at java.base/sun.reflect.generics.tree.ClassTypeSignature.accept(ClassTypeSignature.java:49)
	at java.base/sun.reflect.generics.visitor.Reifier.reifyTypeArguments(Reifier.java:68)
	at java.base/sun.reflect.generics.visitor.Reifier.visitClassTypeSignature(Reifier.java:138)
	at java.base/sun.reflect.generics.tree.ClassTypeSignature.accept(ClassTypeSignature.java:49)
	at java.base/sun.reflect.generics.repository.ClassRepository.computeSuperInterfaces(ClassRepository.java:117)
	at java.base/sun.reflect.generics.repository.ClassRepository.getSuperInterfaces(ClassRepository.java:95)
	at java.base/java.lang.Class.getGenericInterfaces(Class.java:1298)
	at org.springframework.core.ResolvableType.getInterfaces(ResolvableType.java:517)
	at org.springframework.core.ResolvableType.as(ResolvableType.java:465)
	at org.springframework.core.GenericTypeResolver.resolveTypeArguments(GenericTypeResolver.java:139)
	at com.baomidou.mybatisplus.core.toolkit.reflect.SpringReflectionHelper.resolveTypeArguments(SpringReflectionHelper.java:30)
	at com.baomidou.mybatisplus.core.toolkit.reflect.GenericTypeUtils.resolveTypeArguments(GenericTypeUtils.java:51)
	at com.baomidou.mybatisplus.core.toolkit.ReflectionKit.getSuperClassGenericType(ReflectionKit.java:102)
	at com.baomidou.mybatisplus.core.injector.AbstractSqlInjector.inspectInject(AbstractSqlInjector.java:45)
	at com.baomidou.mybatisplus.core.MybatisMapperAnnotationBuilder.parserInjector(MybatisMapperAnnotationBuilder.java:126)
	at com.baomidou.mybatisplus.core.MybatisMapperAnnotationBuilder.parse(MybatisMapperAnnotationBuilder.java:116)
	at com.baomidou.mybatisplus.core.MybatisMapperRegistry.addMapper(MybatisMapperRegistry.java:90)
	at com.baomidou.mybatisplus.core.MybatisConfiguration.addMapper(MybatisConfiguration.java:129)
	at org.mybatis.spring.mapper.MapperFactoryBean.checkDaoConfig(MapperFactoryBean.java:80)
	... 33 common frames omitted
Caused by: java.lang.ClassNotFoundException: com.academic.common.entity.ScoreRecord
	at java.base/jdk.internal.loader.BuiltinClassLoader.loadClass(BuiltinClassLoader.java:641)
	at java.base/jdk.internal.loader.ClassLoaders$AppClassLoader.loadClass(ClassLoaders.java:188)
	at java.base/java.lang.ClassLoader.loadClass(ClassLoader.java:526)
	at java.base/java.lang.Class.forName0(Native Method)
	at java.base/java.lang.Class.forName(Class.java:536)
	at java.base/java.lang.Class.forName(Class.java:515)
	at java.base/sun.reflect.generics.factory.CoreReflectionFactory.makeNamedType(CoreReflectionFactory.java:114)
	... 53 common frames omitted
2026-05-27 10:00:11.723 [Thread-6] [] WARN  c.a.nacos.common.notify.NotifyCenter - [NotifyCenter] Start destroying Publisher
2026-05-27 10:00:11.724 [Thread-4] [] WARN  c.a.n.c.http.HttpClientBeanHolder - [HttpClientBeanHolder] Start destroying common HttpClient
2026-05-27 10:00:11.724 [Thread-6] [] WARN  c.a.nacos.common.notify.NotifyCenter - [NotifyCenter] Destruction of the end
2026-05-27 10:00:11.724 [Thread-4] [] WARN  c.a.n.c.http.HttpClientBeanHolder - [HttpClientBeanHolder] Destruction of the end
2026-05-27 10:23:57.817 [background-preinit] [] INFO  o.h.validator.internal.util.Version - HV000001: Hibernate Validator 8.0.1.Final
2026-05-27 10:23:57.910 [main] [] INFO  c.academic.AdminServiceApplication - Starting AdminServiceApplication using Java 21.0.9 with PID 83956 (D:\ABS\academic-microservices\admin-service\target\classes started by 23189 in D:\ABS\academic-microservices\admin-service)
2026-05-27 10:23:57.910 [main] [] DEBUG c.academic.AdminServiceApplication - Running with Spring Boot v3.2.5, Spring v6.1.6
2026-05-27 10:23:57.911 [main] [] INFO  c.academic.AdminServiceApplication - No active profile set, falling back to 1 default profile: "default"
2026-05-27 10:24:00.165 [main] [] INFO  o.s.d.r.c.RepositoryConfigurationDelegate - Multiple Spring Data modules found, entering strict repository configuration mode
2026-05-27 10:24:00.169 [main] [] INFO  o.s.d.r.c.RepositoryConfigurationDelegate - Bootstrapping Spring Data Redis repositories in DEFAULT mode.
2026-05-27 10:24:00.234 [main] [] INFO  o.s.d.r.c.RepositoryConfigurationDelegate - Finished Spring Data repository scanning in 46 ms. Found 0 Redis repository interfaces.
2026-05-27 10:24:00.862 [main] [] INFO  o.s.cloud.context.scope.GenericScope - BeanFactory id=7ed78904-8fe9-31f3-9afe-a455e96587fc
2026-05-27 10:24:01.575 [main] [] WARN  o.s.c.s.PostProcessorRegistrationDelegate$BeanPostProcessorChecker - Bean 'org.springframework.cloud.client.loadbalancer.LoadBalancerAutoConfiguration$DeferringLoadBalancerInterceptorConfig' of type [org.springframework.cloud.client.loadbalancer.LoadBalancerAutoConfiguration$DeferringLoadBalancerInterceptorConfig] is not eligible for getting processed by all BeanPostProcessors (for example: not eligible for auto-proxying). The currently created BeanPostProcessor [lbRestClientPostProcessor] is declared through a non-static factory method on that class; consider declaring it as static instead.
2026-05-27 10:24:01.583 [main] [] WARN  o.s.c.s.PostProcessorRegistrationDelegate$BeanPostProcessorChecker - Bean 'deferringLoadBalancerInterceptor' of type [org.springframework.cloud.client.loadbalancer.DeferringLoadBalancerInterceptor] is not eligible for getting processed by all BeanPostProcessors (for example: not eligible for auto-proxying). Is this bean getting eagerly injected into a currently created BeanPostProcessor [lbRestClientPostProcessor]? Check the corresponding BeanPostProcessor declaration and its dependencies.
2026-05-27 10:24:02.178 [main] [] INFO  o.s.b.w.e.tomcat.TomcatWebServer - Tomcat initialized with port 8070 (http)
2026-05-27 10:24:02.197 [main] [] INFO  o.a.coyote.http11.Http11NioProtocol - Initializing ProtocolHandler ["http-nio-8070"]
2026-05-27 10:24:02.199 [main] [] INFO  o.a.catalina.core.StandardService - Starting service [Tomcat]
2026-05-27 10:24:02.201 [main] [] INFO  o.a.catalina.core.StandardEngine - Starting Servlet engine: [Apache Tomcat/10.1.20]
2026-05-27 10:24:02.328 [main] [] INFO  o.a.c.c.C.[Tomcat].[localhost].[/] - Initializing Spring embedded WebApplicationContext
2026-05-27 10:24:02.328 [main] [] INFO  o.s.b.w.s.c.ServletWebServerApplicationContext - Root WebApplicationContext: initialization completed in 4313 ms
2026-05-27 10:24:02.870 [main] [] INFO  c.a.nacos.client.utils.ParamUtil - [settings] [req-serv] nacos-server port:8848
2026-05-27 10:24:02.870 [main] [] INFO  c.a.nacos.client.utils.ParamUtil - [settings] [http-client] connect timeout:1000
2026-05-27 10:24:02.870 [main] [] INFO  c.a.nacos.client.utils.ParamUtil - PER_TASK_CONFIG_SIZE: 3000.0
2026-05-27 10:24:02.875 [Thread-3] [] INFO  c.a.n.c.a.r.i.CredentialWatcher - null No credential found
2026-05-27 10:24:02.901 [main] [] INFO  com.alibaba.nacos.common.labels - DefaultLabelsCollectorManager get labels.....
2026-05-27 10:24:02.905 [main] [] INFO  com.alibaba.nacos.common.labels - Process LabelsCollector with [name:defaultNacosLabelsCollector]
2026-05-27 10:24:02.905 [main] [] INFO  com.alibaba.nacos.common.labels - default nacos collect properties raw labels: null
2026-05-27 10:24:02.906 [main] [] INFO  com.alibaba.nacos.common.labels - default nacos collect properties labels: {}
2026-05-27 10:24:02.906 [main] [] INFO  com.alibaba.nacos.common.labels - default nacos collect jvm raw labels: null
2026-05-27 10:24:02.906 [main] [] INFO  com.alibaba.nacos.common.labels - default nacos collect jvm labels: {}
2026-05-27 10:24:02.906 [main] [] INFO  com.alibaba.nacos.common.labels - default nacos collect env raw labels: null
2026-05-27 10:24:02.906 [main] [] INFO  com.alibaba.nacos.common.labels - default nacos collect env labels: {}
2026-05-27 10:24:02.908 [main] [] INFO  com.alibaba.nacos.common.labels - DefaultLabelsCollectorManager get labels finished,labels :{}
2026-05-27 10:24:02.920 [main] [] INFO  c.a.n.p.a.s.c.ClientAuthPluginManager - [ClientAuthPluginManager] Load ClientAuthService com.alibaba.nacos.client.auth.impl.NacosClientAuthServiceImpl success.
2026-05-27 10:24:02.920 [main] [] INFO  c.a.n.p.a.s.c.ClientAuthPluginManager - [ClientAuthPluginManager] Load ClientAuthService com.alibaba.nacos.client.auth.ram.RamClientAuthServiceImpl success.
2026-05-27 10:24:02.926 [main] [] INFO  c.a.n.client.config.impl.CacheData - config listener notify warn timeout millis use default 60000 millis 
2026-05-27 10:24:02.926 [main] [] INFO  c.a.n.client.config.impl.CacheData - nacos.cache.data.init.snapshot = true 
2026-05-27 10:24:02.928 [main] [] INFO  c.a.n.c.c.i.LocalConfigInfoProcessor - LOCAL_SNAPSHOT_PATH:C:\Users\23189\nacos\config
2026-05-27 10:24:02.928 [main] [] INFO  c.a.n.c.config.impl.ClientWorker - [fixed-localhost_8848] [subscribe] Sentinel_DEMO_GROUP:sentinel-flow-rules+public
2026-05-27 10:24:02.943 [main] [] INFO  c.a.n.client.config.impl.CacheData - [fixed-localhost_8848] [add-listener] ok, tenant=, dataId=Sentinel_DEMO_GROUP:sentinel-flow-rules, group=public, cnt=1
2026-05-27 10:24:02.948 [com.alibaba.nacos.client.Worker.0] [] INFO  c.alibaba.nacos.common.remote.client - [RpcClientFactory] create a new rpc client of 46854fa9-4d87-4082-a21c-eb9c8337fd08_config-0
2026-05-27 10:24:02.973 [com.alibaba.nacos.client.Worker.0] [] INFO  c.alibaba.nacos.common.remote.client - [46854fa9-4d87-4082-a21c-eb9c8337fd08_config-0] Register server push request handler:com.alibaba.nacos.client.config.impl.ClientWorker$ConfigRpcTransportClient$$Lambda/0x0000017d01671718
2026-05-27 10:24:02.974 [com.alibaba.nacos.client.Worker.0] [] INFO  c.alibaba.nacos.common.remote.client - [46854fa9-4d87-4082-a21c-eb9c8337fd08_config-0] Register server push request handler:com.alibaba.nacos.client.config.impl.ClientWorker$ConfigRpcTransportClient$$Lambda/0x0000017d01671b48
2026-05-27 10:24:02.975 [com.alibaba.nacos.client.Worker.0] [] INFO  c.alibaba.nacos.common.remote.client - [46854fa9-4d87-4082-a21c-eb9c8337fd08_config-0] Registry connection listener to current client:com.alibaba.nacos.client.config.impl.ClientWorker$ConfigRpcTransportClient$1
2026-05-27 10:24:02.975 [com.alibaba.nacos.client.Worker.0] [] INFO  c.alibaba.nacos.common.remote.client - [46854fa9-4d87-4082-a21c-eb9c8337fd08_config-0] RpcClient init, ServerListFactory = com.alibaba.nacos.client.config.impl.ClientWorker$ConfigRpcTransportClient$2
2026-05-27 10:24:02.985 [com.alibaba.nacos.client.Worker.0] [] INFO  c.alibaba.nacos.common.remote.client - [46854fa9-4d87-4082-a21c-eb9c8337fd08_config-0] Try to connect to server on start up, server: {serverIp = 'localhost', server main port = 8848}
2026-05-27 10:24:03.041 [com.alibaba.nacos.client.Worker.0] [] INFO  c.a.n.c.r.client.grpc.GrpcClient - grpc client connection server:localhost ip,serverPort:9848,grpcTslConfig:{"sslProvider":"","enableTls":false,"mutualAuthEnable":false,"trustAll":false}
2026-05-27 10:24:05.592 [com.alibaba.nacos.client.Worker.0] [] INFO  c.a.n.c.a.AbstractAbilityControlManager - Ready to get current node abilities...
2026-05-27 10:24:05.594 [com.alibaba.nacos.client.Worker.0] [] INFO  c.a.n.c.a.AbstractAbilityControlManager - Ready to initialize current node abilities, support modes: [SDK_CLIENT]
2026-05-27 10:24:05.596 [com.alibaba.nacos.client.Worker.0] [] INFO  c.a.n.c.a.AbstractAbilityControlManager - Initialize current abilities finish...
2026-05-27 10:24:05.597 [com.alibaba.nacos.client.Worker.0] [] INFO  c.a.n.c.a.d.NacosAbilityManagerHolder - [AbilityControlManager] Successfully initialize AbilityControlManager
2026-05-27 10:24:05.626 [com.alibaba.nacos.client.Worker.0] [] INFO  c.alibaba.nacos.common.remote.client - [46854fa9-4d87-4082-a21c-eb9c8337fd08_config-0] Success to connect to server [localhost:8848] on start up, connectionId = 1779848645456_127.0.0.1_64080
2026-05-27 10:24:05.628 [com.alibaba.nacos.client.remote.worker.0] [] INFO  c.alibaba.nacos.common.remote.client - [46854fa9-4d87-4082-a21c-eb9c8337fd08_config-0] Notify connected event to listeners.
2026-05-27 10:24:05.628 [com.alibaba.nacos.client.remote.worker.0] [] INFO  c.a.n.c.config.impl.ClientWorker - [46854fa9-4d87-4082-a21c-eb9c8337fd08_config-0] Connected,notify listen context...
2026-05-27 10:24:05.628 [com.alibaba.nacos.client.Worker.0] [] INFO  c.alibaba.nacos.common.remote.client - [46854fa9-4d87-4082-a21c-eb9c8337fd08_config-0] Register server push request handler:com.alibaba.nacos.common.remote.client.RpcClient$ConnectResetRequestHandler
2026-05-27 10:24:05.628 [com.alibaba.nacos.client.Worker.0] [] INFO  c.alibaba.nacos.common.remote.client - [46854fa9-4d87-4082-a21c-eb9c8337fd08_config-0] Register server push request handler:com.alibaba.nacos.common.remote.client.RpcClient$$Lambda/0x0000017d017c2820
2026-05-27 10:24:05.709 [main] [] INFO  c.a.nacos.client.config.impl.Limiter - limitTime:5.0
2026-05-27 10:24:05.828 [main] [] INFO  com.alibaba.nacos.common.labels - DefaultLabelsCollectorManager get labels.....
2026-05-27 10:24:05.828 [main] [] INFO  com.alibaba.nacos.common.labels - Process LabelsCollector with [name:defaultNacosLabelsCollector]
2026-05-27 10:24:05.828 [main] [] INFO  com.alibaba.nacos.common.labels - default nacos collect properties raw labels: null
2026-05-27 10:24:05.828 [main] [] INFO  com.alibaba.nacos.common.labels - default nacos collect properties labels: {}
2026-05-27 10:24:05.828 [main] [] INFO  com.alibaba.nacos.common.labels - default nacos collect jvm raw labels: null
2026-05-27 10:24:05.828 [main] [] INFO  com.alibaba.nacos.common.labels - default nacos collect jvm labels: {}
2026-05-27 10:24:05.828 [main] [] INFO  com.alibaba.nacos.common.labels - default nacos collect env raw labels: null
2026-05-27 10:24:05.828 [main] [] INFO  com.alibaba.nacos.common.labels - default nacos collect env labels: {}
2026-05-27 10:24:05.828 [main] [] INFO  com.alibaba.nacos.common.labels - DefaultLabelsCollectorManager get labels finished,labels :{}
2026-05-27 10:24:05.828 [main] [] INFO  c.a.n.p.a.s.c.ClientAuthPluginManager - [ClientAuthPluginManager] Load ClientAuthService com.alibaba.nacos.client.auth.impl.NacosClientAuthServiceImpl success.
2026-05-27 10:24:05.828 [main] [] INFO  c.a.n.p.a.s.c.ClientAuthPluginManager - [ClientAuthPluginManager] Load ClientAuthService com.alibaba.nacos.client.auth.ram.RamClientAuthServiceImpl success.
2026-05-27 10:24:05.828 [main] [] INFO  c.a.n.c.config.impl.ClientWorker - [fixed-localhost_8848] [subscribe] Sentinel_DEMO_GROUP:sentinel-degrade-rules+public
2026-05-27 10:24:05.828 [main] [] INFO  c.a.n.client.config.impl.CacheData - [fixed-localhost_8848] [add-listener] ok, tenant=, dataId=Sentinel_DEMO_GROUP:sentinel-degrade-rules, group=public, cnt=1
2026-05-27 10:24:05.833 [com.alibaba.nacos.client.Worker.0] [] INFO  c.alibaba.nacos.common.remote.client - [RpcClientFactory] create a new rpc client of 698469c8-e4b4-4621-8e8c-0ae2126fbf58_config-0
2026-05-27 10:24:05.833 [com.alibaba.nacos.client.Worker.0] [] INFO  c.alibaba.nacos.common.remote.client - [698469c8-e4b4-4621-8e8c-0ae2126fbf58_config-0] Register server push request handler:com.alibaba.nacos.client.config.impl.ClientWorker$ConfigRpcTransportClient$$Lambda/0x0000017d01671718
2026-05-27 10:24:05.833 [com.alibaba.nacos.client.Worker.0] [] INFO  c.alibaba.nacos.common.remote.client - [698469c8-e4b4-4621-8e8c-0ae2126fbf58_config-0] Register server push request handler:com.alibaba.nacos.client.config.impl.ClientWorker$ConfigRpcTransportClient$$Lambda/0x0000017d01671b48
2026-05-27 10:24:05.833 [com.alibaba.nacos.client.Worker.0] [] INFO  c.alibaba.nacos.common.remote.client - [698469c8-e4b4-4621-8e8c-0ae2126fbf58_config-0] Registry connection listener to current client:com.alibaba.nacos.client.config.impl.ClientWorker$ConfigRpcTransportClient$1
2026-05-27 10:24:05.833 [com.alibaba.nacos.client.Worker.0] [] INFO  c.alibaba.nacos.common.remote.client - [698469c8-e4b4-4621-8e8c-0ae2126fbf58_config-0] RpcClient init, ServerListFactory = com.alibaba.nacos.client.config.impl.ClientWorker$ConfigRpcTransportClient$2
2026-05-27 10:24:05.835 [com.alibaba.nacos.client.Worker.0] [] INFO  c.alibaba.nacos.common.remote.client - [698469c8-e4b4-4621-8e8c-0ae2126fbf58_config-0] Try to connect to server on start up, server: {serverIp = 'localhost', server main port = 8848}
2026-05-27 10:24:05.835 [com.alibaba.nacos.client.Worker.0] [] INFO  c.a.n.c.r.client.grpc.GrpcClient - grpc client connection server:localhost ip,serverPort:9848,grpcTslConfig:{"sslProvider":"","enableTls":false,"mutualAuthEnable":false,"trustAll":false}
2026-05-27 10:24:05.855 [com.alibaba.nacos.client.Worker.0] [] INFO  c.alibaba.nacos.common.remote.client - [698469c8-e4b4-4621-8e8c-0ae2126fbf58_config-0] Success to connect to server [localhost:8848] on start up, connectionId = 1779848645842_127.0.0.1_64081
2026-05-27 10:24:05.855 [com.alibaba.nacos.client.Worker.0] [] INFO  c.alibaba.nacos.common.remote.client - [698469c8-e4b4-4621-8e8c-0ae2126fbf58_config-0] Register server push request handler:com.alibaba.nacos.common.remote.client.RpcClient$ConnectResetRequestHandler
2026-05-27 10:24:05.855 [com.alibaba.nacos.client.Worker.0] [] INFO  c.alibaba.nacos.common.remote.client - [698469c8-e4b4-4621-8e8c-0ae2126fbf58_config-0] Register server push request handler:com.alibaba.nacos.common.remote.client.RpcClient$$Lambda/0x0000017d017c2820
2026-05-27 10:24:05.855 [com.alibaba.nacos.client.remote.worker.0] [] INFO  c.alibaba.nacos.common.remote.client - [698469c8-e4b4-4621-8e8c-0ae2126fbf58_config-0] Notify connected event to listeners.
2026-05-27 10:24:05.855 [com.alibaba.nacos.client.remote.worker.0] [] INFO  c.a.n.c.config.impl.ClientWorker - [698469c8-e4b4-4621-8e8c-0ae2126fbf58_config-0] Connected,notify listen context...
2026-05-27 10:24:05.868 [main] [] INFO  com.alibaba.nacos.common.labels - DefaultLabelsCollectorManager get labels.....
2026-05-27 10:24:05.868 [main] [] INFO  com.alibaba.nacos.common.labels - Process LabelsCollector with [name:defaultNacosLabelsCollector]
2026-05-27 10:24:05.868 [main] [] INFO  com.alibaba.nacos.common.labels - default nacos collect properties raw labels: null
2026-05-27 10:24:05.868 [main] [] INFO  com.alibaba.nacos.common.labels - default nacos collect properties labels: {}
2026-05-27 10:24:05.868 [main] [] INFO  com.alibaba.nacos.common.labels - default nacos collect jvm raw labels: null
2026-05-27 10:24:05.868 [main] [] INFO  com.alibaba.nacos.common.labels - default nacos collect jvm labels: {}
2026-05-27 10:24:05.868 [main] [] INFO  com.alibaba.nacos.common.labels - default nacos collect env raw labels: null
2026-05-27 10:24:05.868 [main] [] INFO  com.alibaba.nacos.common.labels - default nacos collect env labels: {}
2026-05-27 10:24:05.868 [main] [] INFO  com.alibaba.nacos.common.labels - DefaultLabelsCollectorManager get labels finished,labels :{}
2026-05-27 10:24:05.875 [main] [] INFO  c.a.n.p.a.s.c.ClientAuthPluginManager - [ClientAuthPluginManager] Load ClientAuthService com.alibaba.nacos.client.auth.impl.NacosClientAuthServiceImpl success.
2026-05-27 10:24:05.875 [main] [] INFO  c.a.n.p.a.s.c.ClientAuthPluginManager - [ClientAuthPluginManager] Load ClientAuthService com.alibaba.nacos.client.auth.ram.RamClientAuthServiceImpl success.
2026-05-27 10:24:05.875 [main] [] INFO  c.a.n.c.config.impl.ClientWorker - [fixed-localhost_8848] [subscribe] Sentinel_DEMO_GROUP:sentinel-system-rules+public
2026-05-27 10:24:05.875 [main] [] INFO  c.a.n.client.config.impl.CacheData - [fixed-localhost_8848] [add-listener] ok, tenant=, dataId=Sentinel_DEMO_GROUP:sentinel-system-rules, group=public, cnt=1
2026-05-27 10:24:05.878 [com.alibaba.nacos.client.Worker.1] [] INFO  c.alibaba.nacos.common.remote.client - [RpcClientFactory] create a new rpc client of bb277728-699b-4cdb-b55c-fd977ca85c1e_config-0
2026-05-27 10:24:05.879 [com.alibaba.nacos.client.Worker.1] [] INFO  c.alibaba.nacos.common.remote.client - [bb277728-699b-4cdb-b55c-fd977ca85c1e_config-0] Register server push request handler:com.alibaba.nacos.client.config.impl.ClientWorker$ConfigRpcTransportClient$$Lambda/0x0000017d01671718
2026-05-27 10:24:05.879 [com.alibaba.nacos.client.Worker.1] [] INFO  c.alibaba.nacos.common.remote.client - [bb277728-699b-4cdb-b55c-fd977ca85c1e_config-0] Register server push request handler:com.alibaba.nacos.client.config.impl.ClientWorker$ConfigRpcTransportClient$$Lambda/0x0000017d01671b48
2026-05-27 10:24:05.879 [com.alibaba.nacos.client.Worker.1] [] INFO  c.alibaba.nacos.common.remote.client - [bb277728-699b-4cdb-b55c-fd977ca85c1e_config-0] Registry connection listener to current client:com.alibaba.nacos.client.config.impl.ClientWorker$ConfigRpcTransportClient$1
2026-05-27 10:24:05.879 [com.alibaba.nacos.client.Worker.1] [] INFO  c.alibaba.nacos.common.remote.client - [bb277728-699b-4cdb-b55c-fd977ca85c1e_config-0] RpcClient init, ServerListFactory = com.alibaba.nacos.client.config.impl.ClientWorker$ConfigRpcTransportClient$2
2026-05-27 10:24:05.879 [com.alibaba.nacos.client.Worker.1] [] INFO  c.alibaba.nacos.common.remote.client - [bb277728-699b-4cdb-b55c-fd977ca85c1e_config-0] Try to connect to server on start up, server: {serverIp = 'localhost', server main port = 8848}
2026-05-27 10:24:05.879 [com.alibaba.nacos.client.Worker.1] [] INFO  c.a.n.c.r.client.grpc.GrpcClient - grpc client connection server:localhost ip,serverPort:9848,grpcTslConfig:{"sslProvider":"","enableTls":false,"mutualAuthEnable":false,"trustAll":false}
2026-05-27 10:24:05.915 [com.alibaba.nacos.client.Worker.1] [] INFO  c.alibaba.nacos.common.remote.client - [bb277728-699b-4cdb-b55c-fd977ca85c1e_config-0] Success to connect to server [localhost:8848] on start up, connectionId = 1779848645885_127.0.0.1_64082
2026-05-27 10:24:05.915 [com.alibaba.nacos.client.Worker.1] [] INFO  c.alibaba.nacos.common.remote.client - [bb277728-699b-4cdb-b55c-fd977ca85c1e_config-0] Register server push request handler:com.alibaba.nacos.common.remote.client.RpcClient$ConnectResetRequestHandler
2026-05-27 10:24:05.915 [com.alibaba.nacos.client.Worker.1] [] INFO  c.alibaba.nacos.common.remote.client - [bb277728-699b-4cdb-b55c-fd977ca85c1e_config-0] Register server push request handler:com.alibaba.nacos.common.remote.client.RpcClient$$Lambda/0x0000017d017c2820
2026-05-27 10:24:05.915 [com.alibaba.nacos.client.remote.worker.0] [] INFO  c.alibaba.nacos.common.remote.client - [bb277728-699b-4cdb-b55c-fd977ca85c1e_config-0] Notify connected event to listeners.
2026-05-27 10:24:05.915 [com.alibaba.nacos.client.remote.worker.0] [] INFO  c.a.n.c.config.impl.ClientWorker - [bb277728-699b-4cdb-b55c-fd977ca85c1e_config-0] Connected,notify listen context...
2026-05-27 10:24:05.925 [main] [] INFO  c.academic.config.SentinelRuleConfig - Sentinel Nacos 动态数据源初始化成功
2026-05-27 10:24:05.925 [main] [] INFO  c.academic.config.SentinelRuleConfig - Sentinel 限流规则初始化完成，Nacos地址: localhost:8848, Namespace: public, Group: Sentinel_DEMO_GROUP
2026-05-27 10:24:06.233 [main] [] DEBUG c.b.m.e.s.MybatisSqlSessionFactoryBean - Property 'mapperLocations' was not specified.
2026-05-27 10:24:06.235 [main] [] DEBUG c.b.m.core.toolkit.Sequence - Use localhost address 
2026-05-27 10:24:06.235 [main] [] DEBUG c.b.m.core.toolkit.Sequence - Get LMblkw/172.16.39.236 network interface 
2026-05-27 10:24:06.236 [main] [] DEBUG c.b.m.core.toolkit.Sequence - Get network interface info: name:wireless_32768 (RZ616 Wi-Fi 6E 160MHz)
2026-05-27 10:24:06.237 [main] [] DEBUG c.b.m.core.toolkit.Sequence - Initialization Sequence datacenterId:13 workerId:29
2026-05-27 10:24:06.271 [main] [] INFO  com.zaxxer.hikari.HikariDataSource - HikariPool-1 - Starting...
2026-05-27 10:24:06.504 [main] [] INFO  com.zaxxer.hikari.pool.HikariPool - HikariPool-1 - Added connection com.mysql.cj.jdbc.ConnectionImpl@24536f07
2026-05-27 10:24:06.506 [main] [] INFO  com.zaxxer.hikari.HikariDataSource - HikariPool-1 - Start completed.
2026-05-27 10:24:07.505 [main] [] ERROR o.m.spring.mapper.MapperFactoryBean - Error while adding the mapper 'interface com.academic.mapper.ScoreRecordMapper' to configuration.
java.lang.TypeNotPresentException: Type com.academic.common.entity.ScoreRecord not present
	at java.base/sun.reflect.generics.factory.CoreReflectionFactory.makeNamedType(CoreReflectionFactory.java:117)
	at java.base/sun.reflect.generics.visitor.Reifier.visitClassTypeSignature(Reifier.java:125)
	at java.base/sun.reflect.generics.tree.ClassTypeSignature.accept(ClassTypeSignature.java:49)
	at java.base/sun.reflect.generics.visitor.Reifier.reifyTypeArguments(Reifier.java:68)
	at java.base/sun.reflect.generics.visitor.Reifier.visitClassTypeSignature(Reifier.java:138)
	at java.base/sun.reflect.generics.tree.ClassTypeSignature.accept(ClassTypeSignature.java:49)
	at java.base/sun.reflect.generics.repository.ClassRepository.computeSuperInterfaces(ClassRepository.java:117)
	at java.base/sun.reflect.generics.repository.ClassRepository.getSuperInterfaces(ClassRepository.java:95)
	at java.base/java.lang.Class.getGenericInterfaces(Class.java:1298)
	at org.springframework.core.ResolvableType.getInterfaces(ResolvableType.java:517)
	at org.springframework.core.ResolvableType.as(ResolvableType.java:465)
	at org.springframework.core.GenericTypeResolver.resolveTypeArguments(GenericTypeResolver.java:139)
	at com.baomidou.mybatisplus.core.toolkit.reflect.SpringReflectionHelper.resolveTypeArguments(SpringReflectionHelper.java:30)
	at com.baomidou.mybatisplus.core.toolkit.reflect.GenericTypeUtils.resolveTypeArguments(GenericTypeUtils.java:51)
	at com.baomidou.mybatisplus.core.toolkit.ReflectionKit.getSuperClassGenericType(ReflectionKit.java:102)
	at com.baomidou.mybatisplus.core.injector.AbstractSqlInjector.inspectInject(AbstractSqlInjector.java:45)
	at com.baomidou.mybatisplus.core.MybatisMapperAnnotationBuilder.parserInjector(MybatisMapperAnnotationBuilder.java:126)
	at com.baomidou.mybatisplus.core.MybatisMapperAnnotationBuilder.parse(MybatisMapperAnnotationBuilder.java:116)
	at com.baomidou.mybatisplus.core.MybatisMapperRegistry.addMapper(MybatisMapperRegistry.java:90)
	at com.baomidou.mybatisplus.core.MybatisConfiguration.addMapper(MybatisConfiguration.java:129)
	at org.mybatis.spring.mapper.MapperFactoryBean.checkDaoConfig(MapperFactoryBean.java:80)
	at org.springframework.dao.support.DaoSupport.afterPropertiesSet(DaoSupport.java:44)
	at org.springframework.beans.factory.support.AbstractAutowireCapableBeanFactory.invokeInitMethods(AbstractAutowireCapableBeanFactory.java:1833)
	at org.springframework.beans.factory.support.AbstractAutowireCapableBeanFactory.initializeBean(AbstractAutowireCapableBeanFactory.java:1782)
	at org.springframework.beans.factory.support.AbstractAutowireCapableBeanFactory.doCreateBean(AbstractAutowireCapableBeanFactory.java:600)
	at org.springframework.beans.factory.support.AbstractAutowireCapableBeanFactory.createBean(AbstractAutowireCapableBeanFactory.java:522)
	at org.springframework.beans.factory.support.AbstractBeanFactory.lambda$doGetBean$0(AbstractBeanFactory.java:326)
	at org.springframework.beans.factory.support.DefaultSingletonBeanRegistry.getSingleton(DefaultSingletonBeanRegistry.java:234)
	at org.springframework.beans.factory.support.AbstractBeanFactory.doGetBean(AbstractBeanFactory.java:324)
	at org.springframework.beans.factory.support.AbstractBeanFactory.getBean(AbstractBeanFactory.java:200)
	at org.springframework.beans.factory.config.DependencyDescriptor.resolveCandidate(DependencyDescriptor.java:254)
	at org.springframework.beans.factory.support.DefaultListableBeanFactory.doResolveDependency(DefaultListableBeanFactory.java:1443)
	at org.springframework.beans.factory.support.DefaultListableBeanFactory.resolveDependency(DefaultListableBeanFactory.java:1353)
	at org.springframework.beans.factory.annotation.AutowiredAnnotationBeanPostProcessor$AutowiredFieldElement.resolveFieldValue(AutowiredAnnotationBeanPostProcessor.java:784)
	at org.springframework.beans.factory.annotation.AutowiredAnnotationBeanPostProcessor$AutowiredFieldElement.inject(AutowiredAnnotationBeanPostProcessor.java:767)
	at org.springframework.beans.factory.annotation.InjectionMetadata.inject(InjectionMetadata.java:145)
	at org.springframework.beans.factory.annotation.AutowiredAnnotationBeanPostProcessor.postProcessProperties(AutowiredAnnotationBeanPostProcessor.java:508)
	at org.springframework.beans.factory.support.AbstractAutowireCapableBeanFactory.populateBean(AbstractAutowireCapableBeanFactory.java:1419)
	at org.springframework.beans.factory.support.AbstractAutowireCapableBeanFactory.doCreateBean(AbstractAutowireCapableBeanFactory.java:599)
	at org.springframework.beans.factory.support.AbstractAutowireCapableBeanFactory.createBean(AbstractAutowireCapableBeanFactory.java:522)
	at org.springframework.beans.factory.support.AbstractBeanFactory.lambda$doGetBean$0(AbstractBeanFactory.java:326)
	at org.springframework.beans.factory.support.DefaultSingletonBeanRegistry.getSingleton(DefaultSingletonBeanRegistry.java:234)
	at org.springframework.beans.factory.support.AbstractBeanFactory.doGetBean(AbstractBeanFactory.java:324)
	at org.springframework.beans.factory.support.AbstractBeanFactory.getBean(AbstractBeanFactory.java:200)
	at org.springframework.beans.factory.support.DefaultListableBeanFactory.preInstantiateSingletons(DefaultListableBeanFactory.java:975)
	at org.springframework.context.support.AbstractApplicationContext.finishBeanFactoryInitialization(AbstractApplicationContext.java:962)
	at org.springframework.context.support.AbstractApplicationContext.refresh(AbstractApplicationContext.java:624)
	at org.springframework.boot.web.servlet.context.ServletWebServerApplicationContext.refresh(ServletWebServerApplicationContext.java:146)
	at org.springframework.boot.SpringApplication.refresh(SpringApplication.java:754)
	at org.springframework.boot.SpringApplication.refreshContext(SpringApplication.java:456)
	at org.springframework.boot.SpringApplication.run(SpringApplication.java:334)
	at org.springframework.boot.SpringApplication.run(SpringApplication.java:1354)
	at org.springframework.boot.SpringApplication.run(SpringApplication.java:1343)
	at com.academic.AdminServiceApplication.main(AdminServiceApplication.java:20)
Caused by: java.lang.ClassNotFoundException: com.academic.common.entity.ScoreRecord
	at java.base/jdk.internal.loader.BuiltinClassLoader.loadClass(BuiltinClassLoader.java:641)
	at java.base/jdk.internal.loader.ClassLoaders$AppClassLoader.loadClass(ClassLoaders.java:188)
	at java.base/java.lang.ClassLoader.loadClass(ClassLoader.java:526)
	at java.base/java.lang.Class.forName0(Native Method)
	at java.base/java.lang.Class.forName(Class.java:536)
	at java.base/java.lang.Class.forName(Class.java:515)
	at java.base/sun.reflect.generics.factory.CoreReflectionFactory.makeNamedType(CoreReflectionFactory.java:114)
	... 53 common frames omitted
2026-05-27 10:24:07.509 [main] [] WARN  o.s.b.w.s.c.AnnotationConfigServletWebServerApplicationContext - Exception encountered during context initialization - cancelling refresh attempt: org.springframework.beans.factory.UnsatisfiedDependencyException: Error creating bean with name 'adminController': Unsatisfied dependency expressed through field 'scoreRecordMapper': Error creating bean with name 'scoreRecordMapper' defined in file [D:\ABS\academic-microservices\admin-service\target\classes\com\academic\mapper\ScoreRecordMapper.class]: java.lang.TypeNotPresentException: Type com.academic.common.entity.ScoreRecord not present
2026-05-27 10:24:07.509 [main] [] INFO  com.zaxxer.hikari.HikariDataSource - HikariPool-1 - Shutdown initiated...
2026-05-27 10:24:07.520 [main] [] INFO  com.zaxxer.hikari.HikariDataSource - HikariPool-1 - Shutdown completed.
2026-05-27 10:24:07.528 [main] [] INFO  o.a.catalina.core.StandardService - Stopping service [Tomcat]
2026-05-27 10:24:07.559 [main] [] INFO  o.s.b.a.l.ConditionEvaluationReportLogger - 

Error starting ApplicationContext. To display the condition evaluation report re-run your application with 'debug' enabled.
2026-05-27 10:24:07.585 [main] [] ERROR o.s.boot.SpringApplication - Application run failed
org.springframework.beans.factory.UnsatisfiedDependencyException: Error creating bean with name 'adminController': Unsatisfied dependency expressed through field 'scoreRecordMapper': Error creating bean with name 'scoreRecordMapper' defined in file [D:\ABS\academic-microservices\admin-service\target\classes\com\academic\mapper\ScoreRecordMapper.class]: java.lang.TypeNotPresentException: Type com.academic.common.entity.ScoreRecord not present
	at org.springframework.beans.factory.annotation.AutowiredAnnotationBeanPostProcessor$AutowiredFieldElement.resolveFieldValue(AutowiredAnnotationBeanPostProcessor.java:787)
	at org.springframework.beans.factory.annotation.AutowiredAnnotationBeanPostProcessor$AutowiredFieldElement.inject(AutowiredAnnotationBeanPostProcessor.java:767)
	at org.springframework.beans.factory.annotation.InjectionMetadata.inject(InjectionMetadata.java:145)
	at org.springframework.beans.factory.annotation.AutowiredAnnotationBeanPostProcessor.postProcessProperties(AutowiredAnnotationBeanPostProcessor.java:508)
	at org.springframework.beans.factory.support.AbstractAutowireCapableBeanFactory.populateBean(AbstractAutowireCapableBeanFactory.java:1419)
	at org.springframework.beans.factory.support.AbstractAutowireCapableBeanFactory.doCreateBean(AbstractAutowireCapableBeanFactory.java:599)
	at org.springframework.beans.factory.support.AbstractAutowireCapableBeanFactory.createBean(AbstractAutowireCapableBeanFactory.java:522)
	at org.springframework.beans.factory.support.AbstractBeanFactory.lambda$doGetBean$0(AbstractBeanFactory.java:326)
	at org.springframework.beans.factory.support.DefaultSingletonBeanRegistry.getSingleton(DefaultSingletonBeanRegistry.java:234)
	at org.springframework.beans.factory.support.AbstractBeanFactory.doGetBean(AbstractBeanFactory.java:324)
	at org.springframework.beans.factory.support.AbstractBeanFactory.getBean(AbstractBeanFactory.java:200)
	at org.springframework.beans.factory.support.DefaultListableBeanFactory.preInstantiateSingletons(DefaultListableBeanFactory.java:975)
	at org.springframework.context.support.AbstractApplicationContext.finishBeanFactoryInitialization(AbstractApplicationContext.java:962)
	at org.springframework.context.support.AbstractApplicationContext.refresh(AbstractApplicationContext.java:624)
	at org.springframework.boot.web.servlet.context.ServletWebServerApplicationContext.refresh(ServletWebServerApplicationContext.java:146)
	at org.springframework.boot.SpringApplication.refresh(SpringApplication.java:754)
	at org.springframework.boot.SpringApplication.refreshContext(SpringApplication.java:456)
	at org.springframework.boot.SpringApplication.run(SpringApplication.java:334)
	at org.springframework.boot.SpringApplication.run(SpringApplication.java:1354)
	at org.springframework.boot.SpringApplication.run(SpringApplication.java:1343)
	at com.academic.AdminServiceApplication.main(AdminServiceApplication.java:20)
Caused by: org.springframework.beans.factory.BeanCreationException: Error creating bean with name 'scoreRecordMapper' defined in file [D:\ABS\academic-microservices\admin-service\target\classes\com\academic\mapper\ScoreRecordMapper.class]: java.lang.TypeNotPresentException: Type com.academic.common.entity.ScoreRecord not present
	at org.springframework.beans.factory.support.AbstractAutowireCapableBeanFactory.initializeBean(AbstractAutowireCapableBeanFactory.java:1786)
	at org.springframework.beans.factory.support.AbstractAutowireCapableBeanFactory.doCreateBean(AbstractAutowireCapableBeanFactory.java:600)
	at org.springframework.beans.factory.support.AbstractAutowireCapableBeanFactory.createBean(AbstractAutowireCapableBeanFactory.java:522)
	at org.springframework.beans.factory.support.AbstractBeanFactory.lambda$doGetBean$0(AbstractBeanFactory.java:326)
	at org.springframework.beans.factory.support.DefaultSingletonBeanRegistry.getSingleton(DefaultSingletonBeanRegistry.java:234)
	at org.springframework.beans.factory.support.AbstractBeanFactory.doGetBean(AbstractBeanFactory.java:324)
	at org.springframework.beans.factory.support.AbstractBeanFactory.getBean(AbstractBeanFactory.java:200)
	at org.springframework.beans.factory.config.DependencyDescriptor.resolveCandidate(DependencyDescriptor.java:254)
	at org.springframework.beans.factory.support.DefaultListableBeanFactory.doResolveDependency(DefaultListableBeanFactory.java:1443)
	at org.springframework.beans.factory.support.DefaultListableBeanFactory.resolveDependency(DefaultListableBeanFactory.java:1353)
	at org.springframework.beans.factory.annotation.AutowiredAnnotationBeanPostProcessor$AutowiredFieldElement.resolveFieldValue(AutowiredAnnotationBeanPostProcessor.java:784)
	... 20 common frames omitted
Caused by: java.lang.IllegalArgumentException: java.lang.TypeNotPresentException: Type com.academic.common.entity.ScoreRecord not present
	at org.mybatis.spring.mapper.MapperFactoryBean.checkDaoConfig(MapperFactoryBean.java:83)
	at org.springframework.dao.support.DaoSupport.afterPropertiesSet(DaoSupport.java:44)
	at org.springframework.beans.factory.support.AbstractAutowireCapableBeanFactory.invokeInitMethods(AbstractAutowireCapableBeanFactory.java:1833)
	at org.springframework.beans.factory.support.AbstractAutowireCapableBeanFactory.initializeBean(AbstractAutowireCapableBeanFactory.java:1782)
	... 30 common frames omitted
Caused by: java.lang.TypeNotPresentException: Type com.academic.common.entity.ScoreRecord not present
	at java.base/sun.reflect.generics.factory.CoreReflectionFactory.makeNamedType(CoreReflectionFactory.java:117)
	at java.base/sun.reflect.generics.visitor.Reifier.visitClassTypeSignature(Reifier.java:125)
	at java.base/sun.reflect.generics.tree.ClassTypeSignature.accept(ClassTypeSignature.java:49)
	at java.base/sun.reflect.generics.visitor.Reifier.reifyTypeArguments(Reifier.java:68)
	at java.base/sun.reflect.generics.visitor.Reifier.visitClassTypeSignature(Reifier.java:138)
	at java.base/sun.reflect.generics.tree.ClassTypeSignature.accept(ClassTypeSignature.java:49)
	at java.base/sun.reflect.generics.repository.ClassRepository.computeSuperInterfaces(ClassRepository.java:117)
	at java.base/sun.reflect.generics.repository.ClassRepository.getSuperInterfaces(ClassRepository.java:95)
	at java.base/java.lang.Class.getGenericInterfaces(Class.java:1298)
	at org.springframework.core.ResolvableType.getInterfaces(ResolvableType.java:517)
	at org.springframework.core.ResolvableType.as(ResolvableType.java:465)
	at org.springframework.core.GenericTypeResolver.resolveTypeArguments(GenericTypeResolver.java:139)
	at com.baomidou.mybatisplus.core.toolkit.reflect.SpringReflectionHelper.resolveTypeArguments(SpringReflectionHelper.java:30)
	at com.baomidou.mybatisplus.core.toolkit.reflect.GenericTypeUtils.resolveTypeArguments(GenericTypeUtils.java:51)
	at com.baomidou.mybatisplus.core.toolkit.ReflectionKit.getSuperClassGenericType(ReflectionKit.java:102)
	at com.baomidou.mybatisplus.core.injector.AbstractSqlInjector.inspectInject(AbstractSqlInjector.java:45)
	at com.baomidou.mybatisplus.core.MybatisMapperAnnotationBuilder.parserInjector(MybatisMapperAnnotationBuilder.java:126)
	at com.baomidou.mybatisplus.core.MybatisMapperAnnotationBuilder.parse(MybatisMapperAnnotationBuilder.java:116)
	at com.baomidou.mybatisplus.core.MybatisMapperRegistry.addMapper(MybatisMapperRegistry.java:90)
	at com.baomidou.mybatisplus.core.MybatisConfiguration.addMapper(MybatisConfiguration.java:129)
	at org.mybatis.spring.mapper.MapperFactoryBean.checkDaoConfig(MapperFactoryBean.java:80)
	... 33 common frames omitted
Caused by: java.lang.ClassNotFoundException: com.academic.common.entity.ScoreRecord
	at java.base/jdk.internal.loader.BuiltinClassLoader.loadClass(BuiltinClassLoader.java:641)
	at java.base/jdk.internal.loader.ClassLoaders$AppClassLoader.loadClass(ClassLoaders.java:188)
	at java.base/java.lang.ClassLoader.loadClass(ClassLoader.java:526)
	at java.base/java.lang.Class.forName0(Native Method)
	at java.base/java.lang.Class.forName(Class.java:536)
	at java.base/java.lang.Class.forName(Class.java:515)
	at java.base/sun.reflect.generics.factory.CoreReflectionFactory.makeNamedType(CoreReflectionFactory.java:114)
	... 53 common frames omitted
2026-05-27 10:24:07.588 [Thread-4] [] WARN  c.a.n.c.http.HttpClientBeanHolder - [HttpClientBeanHolder] Start destroying common HttpClient
2026-05-27 10:24:07.588 [Thread-6] [] WARN  c.a.nacos.common.notify.NotifyCenter - [NotifyCenter] Start destroying Publisher
