
  .   ____          _            __ _ _
 /\\ / ___'_ __ _ _(_)_ __  __ _ \ \ \ \
( ( )\___ | '_ | '_| | '_ \/ _` | \ \ \ \
 \\/  ___)| |_)| | | | | || (_| |  ) ) ) )
  '  |____| .__|_| |_|_| |_\__, | / / / /
 =========|_|==============|___/=/_/_/_/
 :: Spring Boot ::                (v3.2.5)

2026-06-08T23:28:41.262+08:00  INFO 137080 --- [gateway-service] [           main] [                                                 ] com.academic.GatewayServiceApplication   : Starting GatewayServiceApplication v1.0.0 using Java 21.0.9 with PID 137080 (D:\ABS\academic-microservices\gateway-service\target\gateway-service-1.0.0.jar started by 23189 in d:\ABS\academic-microservices\gateway-service\target)
2026-06-08T23:28:41.266+08:00  INFO 137080 --- [gateway-service] [           main] [                                                 ] com.academic.GatewayServiceApplication   : No active profile set, falling back to 1 default profile: "default"
2026-06-08T23:28:42.703+08:00  INFO 137080 --- [gateway-service] [           main] [                                                 ] .s.d.r.c.RepositoryConfigurationDelegate : Multiple Spring Data modules found, entering strict repository configuration mode
2026-06-08T23:28:42.706+08:00  INFO 137080 --- [gateway-service] [           main] [                                                 ] .s.d.r.c.RepositoryConfigurationDelegate : Bootstrapping Spring Data Redis repositories in DEFAULT mode.
2026-06-08T23:28:42.734+08:00  INFO 137080 --- [gateway-service] [           main] [                                                 ] .s.d.r.c.RepositoryConfigurationDelegate : Finished Spring Data repository scanning in 13 ms. Found 0 Redis repository interfaces.
2026-06-08T23:28:43.019+08:00  INFO 137080 --- [gateway-service] [           main] [                                                 ] o.s.cloud.context.scope.GenericScope     : BeanFactory id=e74000be-f4ea-356a-8d41-d0d3c7cfa81e
2026-06-08T23:28:43.111+08:00  WARN 137080 --- [gateway-service] [           main] [                                                 ] trationDelegate$BeanPostProcessorChecker : Bean 'org.springframework.cloud.client.loadbalancer.LoadBalancerAutoConfiguration$DeferringLoadBalancerInterceptorConfig' of type [org.springframework.cloud.client.loadbalancer.LoadBalancerAutoConfiguration$DeferringLoadBalancerInterceptorConfig] is not eligible for getting processed by all BeanPostProcessors (for example: not eligible for auto-proxying). The currently created BeanPostProcessor [lbRestClientPostProcessor] is declared through a non-static factory method on that class; consider declaring it as static instead.
2026-06-08T23:28:43.115+08:00  WARN 137080 --- [gateway-service] [           main] [                                                 ] trationDelegate$BeanPostProcessorChecker : Bean 'deferringLoadBalancerInterceptor' of type [org.springframework.cloud.client.loadbalancer.DeferringLoadBalancerInterceptor] is not eligible for getting processed by all BeanPostProcessors (for example: not eligible for auto-proxying). Is this bean getting eagerly injected into a currently created BeanPostProcessor [lbRestClientPostProcessor]? Check the corresponding BeanPostProcessor declaration and its dependencies.
2026-06-08T23:28:43.117+08:00  WARN 137080 --- [gateway-service] [           main] [                                                 ] trationDelegate$BeanPostProcessorChecker : Bean 'org.springframework.cloud.client.loadbalancer.reactive.LoadBalancerBeanPostProcessorAutoConfiguration' of type [org.springframework.cloud.client.loadbalancer.reactive.LoadBalancerBeanPostProcessorAutoConfiguration] is not eligible for getting processed by all BeanPostProcessors (for example: not eligible for auto-proxying). The currently created BeanPostProcessor [loadBalancerWebClientBuilderBeanPostProcessor] is declared through a non-static factory method on that class; consider declaring it as static instead.
2026-06-08T23:28:43.118+08:00  WARN 137080 --- [gateway-service] [           main] [                                                 ] trationDelegate$BeanPostProcessorChecker : Bean 'org.springframework.cloud.client.loadbalancer.reactive.LoadBalancerBeanPostProcessorAutoConfiguration$ReactorDeferringLoadBalancerFilterConfig' of type [org.springframework.cloud.client.loadbalancer.reactive.LoadBalancerBeanPostProcessorAutoConfiguration$ReactorDeferringLoadBalancerFilterConfig] is not eligible for getting processed by all BeanPostProcessors (for example: not eligible for auto-proxying). Is this bean getting eagerly injected into a currently created BeanPostProcessor [loadBalancerWebClientBuilderBeanPostProcessor]? Check the corresponding BeanPostProcessor declaration and its dependencies.
2026-06-08T23:28:43.120+08:00  WARN 137080 --- [gateway-service] [           main] [                                                 ] trationDelegate$BeanPostProcessorChecker : Bean 'reactorDeferringLoadBalancerExchangeFilterFunction' of type [org.springframework.cloud.client.loadbalancer.reactive.DeferringLoadBalancerExchangeFilterFunction] is not eligible for getting processed by all BeanPostProcessors (for example: not eligible for auto-proxying). Is this bean getting eagerly injected into a currently created BeanPostProcessor [loadBalancerWebClientBuilderBeanPostProcessor]? Check the corresponding BeanPostProcessor declaration and its dependencies.
2026-06-08T23:28:43.443+08:00  INFO 137080 --- [gateway-service] [           main] [                                                 ] c.academic.filter.AuthenticationFilter   : AuthenticationFilter 初始化完成，密钥长度: 56
2026-06-08T23:28:45.361+08:00  INFO 137080 --- [gateway-service] [           main] [                                                 ] o.s.cloud.commons.util.InetUtils         : Cannot determine local hostname
2026-06-08T23:28:46.389+08:00  INFO 137080 --- [gateway-service] [           main] [                                                 ] o.s.cloud.commons.util.InetUtils         : Cannot determine local hostname
2026-06-08T23:28:46.597+08:00 DEBUG 137080 --- [gateway-service] [           main] [                                                 ] o.s.c.gateway.config.GatewayProperties   : Routes supplied from Gateway Properties: [RouteDefinition{id='college-service', predicates=[PredicateDefinition{name='Path', args={_genkey_0=/api/colleges/**}}], filters=[FilterDefinition{name='StripPrefix', args={_genkey_0=1}}], uri=http://localhost:8073, order=0, metadata={}}, RouteDefinition{id='college-service-auth', predicates=[PredicateDefinition{name='Path', args={_genkey_0=/api/auth/colleges}}], filters=[FilterDefinition{name='StripPrefix', args={_genkey_0=2}}, FilterDefinition{name='RewritePath', args={_genkey_0=/colleges, _genkey_1=/colleges/all}}], uri=http://localhost:8073, order=0, metadata={}}, RouteDefinition{id='major-service-auth', predicates=[PredicateDefinition{name='Path', args={_genkey_0=/api/auth/majors}}], filters=[FilterDefinition{name='StripPrefix', args={_genkey_0=2}}, FilterDefinition{name='RewritePath', args={_genkey_0=/majors, _genkey_1=/majors/all}}], uri=http://localhost:8073, order=0, metadata={}}, RouteDefinition{id='user-service', predicates=[PredicateDefinition{name='Path', args={_genkey_0=/api/users/**}}], filters=[FilterDefinition{name='StripPrefix', args={_genkey_0=1}}], uri=http://localhost:8092, order=0, metadata={}}, RouteDefinition{id='auth-service-main', predicates=[PredicateDefinition{name='Path', args={_genkey_0=/api/auth/**}}], filters=[FilterDefinition{name='StripPrefix', args={_genkey_0=1}}], uri=http://localhost:8072, order=0, metadata={}}, RouteDefinition{id='course-service', predicates=[PredicateDefinition{name='Path', args={_genkey_0=/api/courses/**}}], filters=[FilterDefinition{name='StripPrefix', args={_genkey_0=1}}], uri=http://localhost:8075, order=0, metadata={}}, RouteDefinition{id='auth-service', predicates=[PredicateDefinition{name='Path', args={_genkey_0=/api/roles/**, _genkey_1=/api/permissions/**, _genkey_2=/api/role-permissions/**}}], filters=[FilterDefinition{name='StripPrefix', args={_genkey_0=1}}], uri=http://localhost:8072, order=0, metadata={}}, RouteDefinition{id='message-service', predicates=[PredicateDefinition{name='Path', args={_genkey_0=/api/messages/**}}], filters=[FilterDefinition{name='StripPrefix', args={_genkey_0=1}}], uri=http://localhost:8077, order=0, metadata={}}, RouteDefinition{id='student-service', predicates=[PredicateDefinition{name='Path', args={_genkey_0=/api/students/**}}], filters=[FilterDefinition{name='StripPrefix', args={_genkey_0=1}}], uri=http://localhost:8079, order=0, metadata={}}, RouteDefinition{id='teacher-service', predicates=[PredicateDefinition{name='Path', args={_genkey_0=/api/teachers/**}}], filters=[FilterDefinition{name='StripPrefix', args={_genkey_0=1}}], uri=http://localhost:8090, order=0, metadata={}}, RouteDefinition{id='ai-service', predicates=[PredicateDefinition{name='Path', args={_genkey_0=/api/ai/**}}], filters=[FilterDefinition{name='StripPrefix', args={_genkey_0=1}}], uri=http://localhost:8071, order=0, metadata={}}, RouteDefinition{id='admin-service', predicates=[PredicateDefinition{name='Path', args={_genkey_0=/api/admin/**}}], filters=[FilterDefinition{name='StripPrefix', args={_genkey_0=1}}], uri=http://localhost:8070, order=0, metadata={}}, RouteDefinition{id='counselor-service', predicates=[PredicateDefinition{name='Path', args={_genkey_0=/api/counselors/**}}], filters=[FilterDefinition{name='StripPrefix', args={_genkey_0=1}}], uri=http://localhost:8074, order=0, metadata={}}, RouteDefinition{id='resource-service', predicates=[PredicateDefinition{name='Path', args={_genkey_0=/api/resources/**}}], filters=[FilterDefinition{name='StripPrefix', args={_genkey_0=1}}], uri=http://localhost:8078, order=0, metadata={}}, RouteDefinition{id='warning-service', predicates=[PredicateDefinition{name='Path', args={_genkey_0=/api/warnings/**}}], filters=[FilterDefinition{name='StripPrefix', args={_genkey_0=1}}], uri=http://localhost:8093, order=0, metadata={}}, RouteDefinition{id='message-service-ws', predicates=[PredicateDefinition{name='Path', args={_genkey_0=/ws/**}}], filters=[], uri=http://localhost:8077, order=0, metadata={}}]
2026-06-08T23:28:46.733+08:00  INFO 137080 --- [gateway-service] [           main] [                                                 ] o.s.c.g.r.RouteDefinitionRouteLocator    : Loaded RoutePredicateFactory [After]
2026-06-08T23:28:46.733+08:00  INFO 137080 --- [gateway-service] [           main] [                                                 ] o.s.c.g.r.RouteDefinitionRouteLocator    : Loaded RoutePredicateFactory [Before]
2026-06-08T23:28:46.733+08:00  INFO 137080 --- [gateway-service] [           main] [                                                 ] o.s.c.g.r.RouteDefinitionRouteLocator    : Loaded RoutePredicateFactory [Between]
2026-06-08T23:28:46.734+08:00  INFO 137080 --- [gateway-service] [           main] [                                                 ] o.s.c.g.r.RouteDefinitionRouteLocator    : Loaded RoutePredicateFactory [Cookie]
2026-06-08T23:28:46.734+08:00  INFO 137080 --- [gateway-service] [           main] [                                                 ] o.s.c.g.r.RouteDefinitionRouteLocator    : Loaded RoutePredicateFactory [Header]
2026-06-08T23:28:46.734+08:00  INFO 137080 --- [gateway-service] [           main] [                                                 ] o.s.c.g.r.RouteDefinitionRouteLocator    : Loaded RoutePredicateFactory [Host]
2026-06-08T23:28:46.734+08:00  INFO 137080 --- [gateway-service] [           main] [                                                 ] o.s.c.g.r.RouteDefinitionRouteLocator    : Loaded RoutePredicateFactory [Method]
2026-06-08T23:28:46.734+08:00  INFO 137080 --- [gateway-service] [           main] [                                                 ] o.s.c.g.r.RouteDefinitionRouteLocator    : Loaded RoutePredicateFactory [Path]
2026-06-08T23:28:46.734+08:00  INFO 137080 --- [gateway-service] [           main] [                                                 ] o.s.c.g.r.RouteDefinitionRouteLocator    : Loaded RoutePredicateFactory [Query]
2026-06-08T23:28:46.734+08:00  INFO 137080 --- [gateway-service] [           main] [                                                 ] o.s.c.g.r.RouteDefinitionRouteLocator    : Loaded RoutePredicateFactory [ReadBody]
2026-06-08T23:28:46.734+08:00  INFO 137080 --- [gateway-service] [           main] [                                                 ] o.s.c.g.r.RouteDefinitionRouteLocator    : Loaded RoutePredicateFactory [RemoteAddr]
2026-06-08T23:28:46.734+08:00  INFO 137080 --- [gateway-service] [           main] [                                                 ] o.s.c.g.r.RouteDefinitionRouteLocator    : Loaded RoutePredicateFactory [XForwardedRemoteAddr]
2026-06-08T23:28:46.734+08:00  INFO 137080 --- [gateway-service] [           main] [                                                 ] o.s.c.g.r.RouteDefinitionRouteLocator    : Loaded RoutePredicateFactory [Weight]
2026-06-08T23:28:46.734+08:00  INFO 137080 --- [gateway-service] [           main] [                                                 ] o.s.c.g.r.RouteDefinitionRouteLocator    : Loaded RoutePredicateFactory [CloudFoundryRouteService]
2026-06-08T23:28:48.178+08:00  INFO 137080 --- [gateway-service] [           main] [                                                 ] o.s.cloud.commons.util.InetUtils         : Cannot determine local hostname
2026-06-08T23:28:48.211+08:00  INFO 137080 --- [gateway-service] [           main] [                                                 ] o.s.b.a.e.web.EndpointLinksResolver      : Exposing 1 endpoint(s) beneath base path '/actuator'
2026-06-08T23:28:48.554+08:00  WARN 137080 --- [gateway-service] [           main] [                                                 ] iguration$LoadBalancerCaffeineWarnLogger : Spring Cloud LoadBalancer is currently working with the default cache. While this cache implementation is useful for development and tests, it's recommended to use Caffeine cache in production.You can switch to using Caffeine cache, by adding it and org.springframework.cache.caffeine.CaffeineCacheManager to the classpath.
2026-06-08T23:28:48.685+08:00  INFO 137080 --- [gateway-service] [           main] [                                                 ] o.s.b.web.embedded.netty.NettyWebServer  : Netty started on port 8076
2026-06-08T23:28:49.699+08:00  INFO 137080 --- [gateway-service] [           main] [                                                 ] o.s.cloud.commons.util.InetUtils         : Cannot determine local hostname
2026-06-08T23:28:50.703+08:00  INFO 137080 --- [gateway-service] [           main] [                                                 ] o.s.cloud.commons.util.InetUtils         : Cannot determine local hostname
2026-06-08T23:28:50.712+08:00  INFO 137080 --- [gateway-service] [           main] [                                                 ] com.alibaba.nacos.client.naming          : initializer namespace from ans.namespace attribute : null
2026-06-08T23:28:50.712+08:00  INFO 137080 --- [gateway-service] [           main] [                                                 ] com.alibaba.nacos.client.naming          : initializer namespace from ALIBABA_ALIWARE_NAMESPACE attribute :null
2026-06-08T23:28:50.713+08:00  INFO 137080 --- [gateway-service] [           main] [                                                 ] com.alibaba.nacos.client.naming          : initializer namespace from namespace attribute :null
2026-06-08T23:28:50.715+08:00  INFO 137080 --- [gateway-service] [       Thread-4] [                                                 ] c.a.n.c.a.r.identify.CredentialWatcher   : null No credential found
2026-06-08T23:28:50.722+08:00  INFO 137080 --- [gateway-service] [           main] [                                                 ] com.alibaba.nacos.client.naming          : FailoverDataSource type is class com.alibaba.nacos.client.naming.backups.datasource.DiskFailoverDataSource
2026-06-08T23:28:50.734+08:00  INFO 137080 --- [gateway-service] [           main] [                                                 ] c.alibaba.nacos.client.utils.ParamUtil   : [settings] [req-serv] nacos-server port:8848
2026-06-08T23:28:50.734+08:00  INFO 137080 --- [gateway-service] [           main] [                                                 ] c.alibaba.nacos.client.utils.ParamUtil   : [settings] [http-client] connect timeout:1000
2026-06-08T23:28:50.735+08:00  INFO 137080 --- [gateway-service] [           main] [                                                 ] c.alibaba.nacos.client.utils.ParamUtil   : PER_TASK_CONFIG_SIZE: 3000.0
2026-06-08T23:28:50.738+08:00  INFO 137080 --- [gateway-service] [           main] [                                                 ] c.a.n.p.a.s.c.ClientAuthPluginManager    : [ClientAuthPluginManager] Load ClientAuthService com.alibaba.nacos.client.auth.impl.NacosClientAuthServiceImpl success.
2026-06-08T23:28:50.738+08:00  INFO 137080 --- [gateway-service] [           main] [                                                 ] c.a.n.p.a.s.c.ClientAuthPluginManager    : [ClientAuthPluginManager] Load ClientAuthService com.alibaba.nacos.client.auth.ram.RamClientAuthServiceImpl success.
2026-06-08T23:28:50.746+08:00  INFO 137080 --- [gateway-service] [           main] [                                                 ] com.alibaba.nacos.common.remote.client   : [RpcClientFactory] create a new rpc client of aa7e83a4-4678-4d3e-a7a0-1d8f03c862fe
2026-06-08T23:28:50.760+08:00  INFO 137080 --- [gateway-service] [           main] [                                                 ] com.alibaba.nacos.client.naming          : Create naming rpc client for uuid->aa7e83a4-4678-4d3e-a7a0-1d8f03c862fe
2026-06-08T23:28:50.761+08:00  INFO 137080 --- [gateway-service] [           main] [                                                 ] com.alibaba.nacos.common.remote.client   : [aa7e83a4-4678-4d3e-a7a0-1d8f03c862fe] RpcClient init, ServerListFactory = com.alibaba.nacos.client.naming.core.ServerListManager
2026-06-08T23:28:50.761+08:00  INFO 137080 --- [gateway-service] [           main] [                                                 ] com.alibaba.nacos.common.remote.client   : [aa7e83a4-4678-4d3e-a7a0-1d8f03c862fe] Registry connection listener to current client:com.alibaba.nacos.client.naming.remote.gprc.redo.NamingGrpcRedoService
2026-06-08T23:28:50.761+08:00  INFO 137080 --- [gateway-service] [           main] [                                                 ] com.alibaba.nacos.common.remote.client   : [aa7e83a4-4678-4d3e-a7a0-1d8f03c862fe] Register server push request handler:com.alibaba.nacos.client.naming.remote.gprc.NamingPushRequestHandler
2026-06-08T23:28:50.762+08:00  INFO 137080 --- [gateway-service] [           main] [                                                 ] com.alibaba.nacos.common.remote.client   : [aa7e83a4-4678-4d3e-a7a0-1d8f03c862fe] Try to connect to server on start up, server: {serverIp = 'localhost', server main port = 8848}
2026-06-08T23:28:50.792+08:00  INFO 137080 --- [gateway-service] [           main] [                                                 ] c.a.n.c.remote.client.grpc.GrpcClient    : grpc client connection server:localhost ip,serverPort:9848,grpcTslConfig:{"sslProvider":"","enableTls":false,"mutualAuthEnable":false,"trustAll":false}
2026-06-08T23:28:51.355+08:00  INFO 137080 --- [gateway-service] [           main] [                                                 ] c.a.n.c.a.AbstractAbilityControlManager  : Ready to get current node abilities...
2026-06-08T23:28:51.356+08:00  INFO 137080 --- [gateway-service] [           main] [                                                 ] c.a.n.c.a.AbstractAbilityControlManager  : Ready to initialize current node abilities, support modes: [SDK_CLIENT]
2026-06-08T23:28:51.358+08:00  INFO 137080 --- [gateway-service] [           main] [                                                 ] c.a.n.c.a.AbstractAbilityControlManager  : Initialize current abilities finish...
2026-06-08T23:28:51.358+08:00  INFO 137080 --- [gateway-service] [           main] [                                                 ] c.a.n.c.a.d.NacosAbilityManagerHolder    : [AbilityControlManager] Successfully initialize AbilityControlManager
2026-06-08T23:28:51.382+08:00  INFO 137080 --- [gateway-service] [           main] [                                                 ] com.alibaba.nacos.common.remote.client   : [aa7e83a4-4678-4d3e-a7a0-1d8f03c862fe] Success to connect to server [localhost:8848] on start up, connectionId = 1780932531280_127.0.0.1_50328
2026-06-08T23:28:51.382+08:00  INFO 137080 --- [gateway-service] [remote.worker.0] [                                                 ] com.alibaba.nacos.common.remote.client   : [aa7e83a4-4678-4d3e-a7a0-1d8f03c862fe] Notify connected event to listeners.
2026-06-08T23:28:51.382+08:00  INFO 137080 --- [gateway-service] [remote.worker.0] [                                                 ] com.alibaba.nacos.client.naming          : Grpc connection connect
2026-06-08T23:28:51.383+08:00  INFO 137080 --- [gateway-service] [           main] [                                                 ] com.alibaba.nacos.common.remote.client   : [aa7e83a4-4678-4d3e-a7a0-1d8f03c862fe] Register server push request handler:com.alibaba.nacos.common.remote.client.RpcClient$ConnectResetRequestHandler
2026-06-08T23:28:51.383+08:00  INFO 137080 --- [gateway-service] [           main] [                                                 ] com.alibaba.nacos.common.remote.client   : [aa7e83a4-4678-4d3e-a7a0-1d8f03c862fe] Register server push request handler:com.alibaba.nacos.common.remote.client.RpcClient$$Lambda/0x000001da578f7c48
2026-06-08T23:28:51.383+08:00  INFO 137080 --- [gateway-service] [           main] [                                                 ] com.alibaba.nacos.client.naming          : [REGISTER-SERVICE] public registering service gateway-service with instance Instance{instanceId='null', ip='192.168.153.1', port=8076, weight=1.0, healthy=true, enabled=true, ephemeral=true, clusterName='DEFAULT', serviceName='null', metadata={IPv6=null, preserved.register.source=SPRING_CLOUD}}
2026-06-08T23:28:51.402+08:00  INFO 137080 --- [gateway-service] [           main] [                                                 ] c.a.c.n.registry.NacosServiceRegistry    : nacos registry, DEFAULT_GROUP gateway-service 192.168.153.1:8076 register finished
2026-06-08T23:28:51.433+08:00 DEBUG 137080 --- [gateway-service] [           main] [                                                 ] o.s.c.g.r.RouteDefinitionRouteLocator    : RouteDefinition college-service applying {_genkey_0=/api/colleges/**} to Path
2026-06-08T23:28:51.518+08:00 DEBUG 137080 --- [gateway-service] [           main] [                                                 ] o.s.c.g.r.RouteDefinitionRouteLocator    : RouteDefinition college-service applying filter {maxSize=10MB} to RequestSize
2026-06-08T23:28:51.525+08:00 DEBUG 137080 --- [gateway-service] [           main] [                                                 ] o.s.c.g.r.RouteDefinitionRouteLocator    : RouteDefinition college-service applying filter {_genkey_0=1} to StripPrefix
2026-06-08T23:28:51.530+08:00 DEBUG 137080 --- [gateway-service] [           main] [                                                 ] o.s.c.g.r.RouteDefinitionRouteLocator    : RouteDefinition matched: college-service
2026-06-08T23:28:51.531+08:00 DEBUG 137080 --- [gateway-service] [           main] [                                                 ] o.s.c.g.r.RouteDefinitionRouteLocator    : RouteDefinition college-service-auth applying {_genkey_0=/api/auth/colleges} to Path
2026-06-08T23:28:51.532+08:00 DEBUG 137080 --- [gateway-service] [           main] [                                                 ] o.s.c.g.r.RouteDefinitionRouteLocator    : RouteDefinition college-service-auth applying filter {maxSize=10MB} to RequestSize
2026-06-08T23:28:51.533+08:00 DEBUG 137080 --- [gateway-service] [           main] [                                                 ] o.s.c.g.r.RouteDefinitionRouteLocator    : RouteDefinition college-service-auth applying filter {_genkey_0=2} to StripPrefix
2026-06-08T23:28:51.534+08:00 DEBUG 137080 --- [gateway-service] [           main] [                                                 ] o.s.c.g.r.RouteDefinitionRouteLocator    : RouteDefinition college-service-auth applying filter {_genkey_0=/colleges, _genkey_1=/colleges/all} to RewritePath
2026-06-08T23:28:51.541+08:00 DEBUG 137080 --- [gateway-service] [           main] [                                                 ] o.s.c.g.r.RouteDefinitionRouteLocator    : RouteDefinition matched: college-service-auth
2026-06-08T23:28:51.541+08:00 DEBUG 137080 --- [gateway-service] [           main] [                                                 ] o.s.c.g.r.RouteDefinitionRouteLocator    : RouteDefinition major-service-auth applying {_genkey_0=/api/auth/majors} to Path
2026-06-08T23:28:51.542+08:00 DEBUG 137080 --- [gateway-service] [           main] [                                                 ] o.s.c.g.r.RouteDefinitionRouteLocator    : RouteDefinition major-service-auth applying filter {maxSize=10MB} to RequestSize
2026-06-08T23:28:51.545+08:00 DEBUG 137080 --- [gateway-service] [           main] [                                                 ] o.s.c.g.r.RouteDefinitionRouteLocator    : RouteDefinition major-service-auth applying filter {_genkey_0=2} to StripPrefix
2026-06-08T23:28:51.546+08:00 DEBUG 137080 --- [gateway-service] [           main] [                                                 ] o.s.c.g.r.RouteDefinitionRouteLocator    : RouteDefinition major-service-auth applying filter {_genkey_0=/majors, _genkey_1=/majors/all} to RewritePath
2026-06-08T23:28:51.547+08:00 DEBUG 137080 --- [gateway-service] [           main] [                                                 ] o.s.c.g.r.RouteDefinitionRouteLocator    : RouteDefinition matched: major-service-auth
2026-06-08T23:28:51.547+08:00 DEBUG 137080 --- [gateway-service] [           main] [                                                 ] o.s.c.g.r.RouteDefinitionRouteLocator    : RouteDefinition user-service applying {_genkey_0=/api/users/**} to Path
2026-06-08T23:28:51.547+08:00 DEBUG 137080 --- [gateway-service] [           main] [                                                 ] o.s.c.g.r.RouteDefinitionRouteLocator    : RouteDefinition user-service applying filter {maxSize=10MB} to RequestSize
2026-06-08T23:28:51.548+08:00 DEBUG 137080 --- [gateway-service] [           main] [                                                 ] o.s.c.g.r.RouteDefinitionRouteLocator    : RouteDefinition user-service applying filter {_genkey_0=1} to StripPrefix
2026-06-08T23:28:51.548+08:00 DEBUG 137080 --- [gateway-service] [           main] [                                                 ] o.s.c.g.r.RouteDefinitionRouteLocator    : RouteDefinition matched: user-service
2026-06-08T23:28:51.548+08:00 DEBUG 137080 --- [gateway-service] [           main] [                                                 ] o.s.c.g.r.RouteDefinitionRouteLocator    : RouteDefinition auth-service-main applying {_genkey_0=/api/auth/**} to Path
2026-06-08T23:28:51.549+08:00 DEBUG 137080 --- [gateway-service] [           main] [                                                 ] o.s.c.g.r.RouteDefinitionRouteLocator    : RouteDefinition auth-service-main applying filter {maxSize=10MB} to RequestSize
2026-06-08T23:28:51.550+08:00 DEBUG 137080 --- [gateway-service] [           main] [                                                 ] o.s.c.g.r.RouteDefinitionRouteLocator    : RouteDefinition auth-service-main applying filter {_genkey_0=1} to StripPrefix
2026-06-08T23:28:51.551+08:00 DEBUG 137080 --- [gateway-service] [           main] [                                                 ] o.s.c.g.r.RouteDefinitionRouteLocator    : RouteDefinition matched: auth-service-main
2026-06-08T23:28:51.552+08:00 DEBUG 137080 --- [gateway-service] [           main] [                                                 ] o.s.c.g.r.RouteDefinitionRouteLocator    : RouteDefinition course-service applying {_genkey_0=/api/courses/**} to Path
2026-06-08T23:28:51.553+08:00 DEBUG 137080 --- [gateway-service] [           main] [                                                 ] o.s.c.g.r.RouteDefinitionRouteLocator    : RouteDefinition course-service applying filter {maxSize=10MB} to RequestSize
2026-06-08T23:28:51.554+08:00 DEBUG 137080 --- [gateway-service] [           main] [                                                 ] o.s.c.g.r.RouteDefinitionRouteLocator    : RouteDefinition course-service applying filter {_genkey_0=1} to StripPrefix
2026-06-08T23:28:51.555+08:00 DEBUG 137080 --- [gateway-service] [           main] [                                                 ] o.s.c.g.r.RouteDefinitionRouteLocator    : RouteDefinition matched: course-service
2026-06-08T23:28:51.556+08:00 DEBUG 137080 --- [gateway-service] [           main] [                                                 ] o.s.c.g.r.RouteDefinitionRouteLocator    : RouteDefinition auth-service applying {_genkey_0=/api/roles/**, _genkey_1=/api/permissions/**, _genkey_2=/api/role-permissions/**} to Path
2026-06-08T23:28:51.557+08:00 DEBUG 137080 --- [gateway-service] [           main] [                                                 ] o.s.c.g.r.RouteDefinitionRouteLocator    : RouteDefinition auth-service applying filter {maxSize=10MB} to RequestSize
2026-06-08T23:28:51.558+08:00 DEBUG 137080 --- [gateway-service] [           main] [                                                 ] o.s.c.g.r.RouteDefinitionRouteLocator    : RouteDefinition auth-service applying filter {_genkey_0=1} to StripPrefix
2026-06-08T23:28:51.558+08:00 DEBUG 137080 --- [gateway-service] [           main] [                                                 ] o.s.c.g.r.RouteDefinitionRouteLocator    : RouteDefinition matched: auth-service
2026-06-08T23:28:51.558+08:00 DEBUG 137080 --- [gateway-service] [           main] [                                                 ] o.s.c.g.r.RouteDefinitionRouteLocator    : RouteDefinition message-service applying {_genkey_0=/api/messages/**} to Path
2026-06-08T23:28:51.560+08:00 DEBUG 137080 --- [gateway-service] [           main] [                                                 ] o.s.c.g.r.RouteDefinitionRouteLocator    : RouteDefinition message-service applying filter {maxSize=10MB} to RequestSize
2026-06-08T23:28:51.560+08:00 DEBUG 137080 --- [gateway-service] [           main] [                                                 ] o.s.c.g.r.RouteDefinitionRouteLocator    : RouteDefinition message-service applying filter {_genkey_0=1} to StripPrefix
2026-06-08T23:28:51.562+08:00 DEBUG 137080 --- [gateway-service] [           main] [                                                 ] o.s.c.g.r.RouteDefinitionRouteLocator    : RouteDefinition matched: message-service
2026-06-08T23:28:51.562+08:00 DEBUG 137080 --- [gateway-service] [           main] [                                                 ] o.s.c.g.r.RouteDefinitionRouteLocator    : RouteDefinition student-service applying {_genkey_0=/api/students/**} to Path
2026-06-08T23:28:51.563+08:00 DEBUG 137080 --- [gateway-service] [           main] [                                                 ] o.s.c.g.r.RouteDefinitionRouteLocator    : RouteDefinition student-service applying filter {maxSize=10MB} to RequestSize
2026-06-08T23:28:51.563+08:00 DEBUG 137080 --- [gateway-service] [           main] [                                                 ] o.s.c.g.r.RouteDefinitionRouteLocator    : RouteDefinition student-service applying filter {_genkey_0=1} to StripPrefix
2026-06-08T23:28:51.565+08:00 DEBUG 137080 --- [gateway-service] [           main] [                                                 ] o.s.c.g.r.RouteDefinitionRouteLocator    : RouteDefinition matched: student-service
2026-06-08T23:28:51.565+08:00 DEBUG 137080 --- [gateway-service] [           main] [                                                 ] o.s.c.g.r.RouteDefinitionRouteLocator    : RouteDefinition teacher-service applying {_genkey_0=/api/teachers/**} to Path
2026-06-08T23:28:51.566+08:00 DEBUG 137080 --- [gateway-service] [           main] [                                                 ] o.s.c.g.r.RouteDefinitionRouteLocator    : RouteDefinition teacher-service applying filter {maxSize=10MB} to RequestSize
2026-06-08T23:28:51.567+08:00 DEBUG 137080 --- [gateway-service] [           main] [                                                 ] o.s.c.g.r.RouteDefinitionRouteLocator    : RouteDefinition teacher-service applying filter {_genkey_0=1} to StripPrefix
2026-06-08T23:28:51.569+08:00 DEBUG 137080 --- [gateway-service] [           main] [                                                 ] o.s.c.g.r.RouteDefinitionRouteLocator    : RouteDefinition matched: teacher-service
2026-06-08T23:28:51.569+08:00 DEBUG 137080 --- [gateway-service] [           main] [                                                 ] o.s.c.g.r.RouteDefinitionRouteLocator    : RouteDefinition ai-service applying {_genkey_0=/api/ai/**} to Path
2026-06-08T23:28:51.571+08:00 DEBUG 137080 --- [gateway-service] [           main] [                                                 ] o.s.c.g.r.RouteDefinitionRouteLocator    : RouteDefinition ai-service applying filter {maxSize=10MB} to RequestSize
2026-06-08T23:28:51.572+08:00 DEBUG 137080 --- [gateway-service] [           main] [                                                 ] o.s.c.g.r.RouteDefinitionRouteLocator    : RouteDefinition ai-service applying filter {_genkey_0=1} to StripPrefix
2026-06-08T23:28:51.574+08:00 DEBUG 137080 --- [gateway-service] [           main] [                                                 ] o.s.c.g.r.RouteDefinitionRouteLocator    : RouteDefinition matched: ai-service
2026-06-08T23:28:51.574+08:00 DEBUG 137080 --- [gateway-service] [           main] [                                                 ] o.s.c.g.r.RouteDefinitionRouteLocator    : RouteDefinition admin-service applying {_genkey_0=/api/admin/**} to Path
2026-06-08T23:28:51.575+08:00 DEBUG 137080 --- [gateway-service] [           main] [                                                 ] o.s.c.g.r.RouteDefinitionRouteLocator    : RouteDefinition admin-service applying filter {maxSize=10MB} to RequestSize
2026-06-08T23:28:51.576+08:00 DEBUG 137080 --- [gateway-service] [           main] [                                                 ] o.s.c.g.r.RouteDefinitionRouteLocator    : RouteDefinition admin-service applying filter {_genkey_0=1} to StripPrefix
2026-06-08T23:28:51.576+08:00 DEBUG 137080 --- [gateway-service] [           main] [                                                 ] o.s.c.g.r.RouteDefinitionRouteLocator    : RouteDefinition matched: admin-service
2026-06-08T23:28:51.576+08:00 DEBUG 137080 --- [gateway-service] [           main] [                                                 ] o.s.c.g.r.RouteDefinitionRouteLocator    : RouteDefinition counselor-service applying {_genkey_0=/api/counselors/**} to Path
2026-06-08T23:28:51.578+08:00 DEBUG 137080 --- [gateway-service] [           main] [                                                 ] o.s.c.g.r.RouteDefinitionRouteLocator    : RouteDefinition counselor-service applying filter {maxSize=10MB} to RequestSize
2026-06-08T23:28:51.579+08:00 DEBUG 137080 --- [gateway-service] [           main] [                                                 ] o.s.c.g.r.RouteDefinitionRouteLocator    : RouteDefinition counselor-service applying filter {_genkey_0=1} to StripPrefix
2026-06-08T23:28:51.581+08:00 DEBUG 137080 --- [gateway-service] [           main] [                                                 ] o.s.c.g.r.RouteDefinitionRouteLocator    : RouteDefinition matched: counselor-service
2026-06-08T23:28:51.581+08:00 DEBUG 137080 --- [gateway-service] [           main] [                                                 ] o.s.c.g.r.RouteDefinitionRouteLocator    : RouteDefinition resource-service applying {_genkey_0=/api/resources/**} to Path
2026-06-08T23:28:51.582+08:00 DEBUG 137080 --- [gateway-service] [           main] [                                                 ] o.s.c.g.r.RouteDefinitionRouteLocator    : RouteDefinition resource-service applying filter {maxSize=10MB} to RequestSize
2026-06-08T23:28:51.584+08:00 DEBUG 137080 --- [gateway-service] [           main] [                                                 ] o.s.c.g.r.RouteDefinitionRouteLocator    : RouteDefinition resource-service applying filter {_genkey_0=1} to StripPrefix
2026-06-08T23:28:51.585+08:00 DEBUG 137080 --- [gateway-service] [           main] [                                                 ] o.s.c.g.r.RouteDefinitionRouteLocator    : RouteDefinition matched: resource-service
2026-06-08T23:28:51.585+08:00 DEBUG 137080 --- [gateway-service] [           main] [                                                 ] o.s.c.g.r.RouteDefinitionRouteLocator    : RouteDefinition warning-service applying {_genkey_0=/api/warnings/**} to Path
2026-06-08T23:28:51.586+08:00 DEBUG 137080 --- [gateway-service] [           main] [                                                 ] o.s.c.g.r.RouteDefinitionRouteLocator    : RouteDefinition warning-service applying filter {maxSize=10MB} to RequestSize
2026-06-08T23:28:51.587+08:00 DEBUG 137080 --- [gateway-service] [           main] [                                                 ] o.s.c.g.r.RouteDefinitionRouteLocator    : RouteDefinition warning-service applying filter {_genkey_0=1} to StripPrefix
2026-06-08T23:28:51.588+08:00 DEBUG 137080 --- [gateway-service] [           main] [                                                 ] o.s.c.g.r.RouteDefinitionRouteLocator    : RouteDefinition matched: warning-service
2026-06-08T23:28:51.588+08:00 DEBUG 137080 --- [gateway-service] [           main] [                                                 ] o.s.c.g.r.RouteDefinitionRouteLocator    : RouteDefinition message-service-ws applying {_genkey_0=/ws/**} to Path
2026-06-08T23:28:51.590+08:00 DEBUG 137080 --- [gateway-service] [           main] [                                                 ] o.s.c.g.r.RouteDefinitionRouteLocator    : RouteDefinition message-service-ws applying filter {maxSize=10MB} to RequestSize
2026-06-08T23:28:51.592+08:00 DEBUG 137080 --- [gateway-service] [           main] [                                                 ] o.s.c.g.r.RouteDefinitionRouteLocator    : RouteDefinition matched: message-service-ws
2026-06-08T23:28:51.600+08:00 DEBUG 137080 --- [gateway-service] [           main] [                                                 ] o.s.c.g.filter.GatewayMetricsFilter      : New routes count: 16
2026-06-08T23:28:51.618+08:00 DEBUG 137080 --- [gateway-service] [           main] [                                                 ] o.s.c.g.r.RouteDefinitionRouteLocator    : RouteDefinition college-service applying {_genkey_0=/api/colleges/**} to Path
2026-06-08T23:28:51.620+08:00 DEBUG 137080 --- [gateway-service] [           main] [                                                 ] o.s.c.g.r.RouteDefinitionRouteLocator    : RouteDefinition college-service applying filter {maxSize=10MB} to RequestSize
2026-06-08T23:28:51.621+08:00 DEBUG 137080 --- [gateway-service] [           main] [                                                 ] o.s.c.g.r.RouteDefinitionRouteLocator    : RouteDefinition college-service applying filter {_genkey_0=1} to StripPrefix
2026-06-08T23:28:51.623+08:00 DEBUG 137080 --- [gateway-service] [           main] [                                                 ] o.s.c.g.r.RouteDefinitionRouteLocator    : RouteDefinition matched: college-service
2026-06-08T23:28:51.623+08:00 DEBUG 137080 --- [gateway-service] [           main] [                                                 ] o.s.c.g.r.RouteDefinitionRouteLocator    : RouteDefinition college-service-auth applying {_genkey_0=/api/auth/colleges} to Path
2026-06-08T23:28:51.624+08:00 DEBUG 137080 --- [gateway-service] [           main] [                                                 ] o.s.c.g.r.RouteDefinitionRouteLocator    : RouteDefinition college-service-auth applying filter {maxSize=10MB} to RequestSize
2026-06-08T23:28:51.626+08:00 DEBUG 137080 --- [gateway-service] [           main] [                                                 ] o.s.c.g.r.RouteDefinitionRouteLocator    : RouteDefinition college-service-auth applying filter {_genkey_0=2} to StripPrefix
2026-06-08T23:28:51.626+08:00 DEBUG 137080 --- [gateway-service] [           main] [                                                 ] o.s.c.g.r.RouteDefinitionRouteLocator    : RouteDefinition college-service-auth applying filter {_genkey_0=/colleges, _genkey_1=/colleges/all} to RewritePath
2026-06-08T23:28:51.629+08:00 DEBUG 137080 --- [gateway-service] [           main] [                                                 ] o.s.c.g.r.RouteDefinitionRouteLocator    : RouteDefinition matched: college-service-auth
2026-06-08T23:28:51.629+08:00 DEBUG 137080 --- [gateway-service] [           main] [                                                 ] o.s.c.g.r.RouteDefinitionRouteLocator    : RouteDefinition major-service-auth applying {_genkey_0=/api/auth/majors} to Path
2026-06-08T23:28:51.630+08:00 DEBUG 137080 --- [gateway-service] [           main] [                                                 ] o.s.c.g.r.RouteDefinitionRouteLocator    : RouteDefinition major-service-auth applying filter {maxSize=10MB} to RequestSize
2026-06-08T23:28:51.632+08:00 DEBUG 137080 --- [gateway-service] [           main] [                                                 ] o.s.c.g.r.RouteDefinitionRouteLocator    : RouteDefinition major-service-auth applying filter {_genkey_0=2} to StripPrefix
2026-06-08T23:28:51.633+08:00 DEBUG 137080 --- [gateway-service] [           main] [                                                 ] o.s.c.g.r.RouteDefinitionRouteLocator    : RouteDefinition major-service-auth applying filter {_genkey_0=/majors, _genkey_1=/majors/all} to RewritePath
2026-06-08T23:28:51.637+08:00 DEBUG 137080 --- [gateway-service] [           main] [                                                 ] o.s.c.g.r.RouteDefinitionRouteLocator    : RouteDefinition matched: major-service-auth
2026-06-08T23:28:51.637+08:00 DEBUG 137080 --- [gateway-service] [           main] [                                                 ] o.s.c.g.r.RouteDefinitionRouteLocator    : RouteDefinition user-service applying {_genkey_0=/api/users/**} to Path
2026-06-08T23:28:51.638+08:00 DEBUG 137080 --- [gateway-service] [           main] [                                                 ] o.s.c.g.r.RouteDefinitionRouteLocator    : RouteDefinition user-service applying filter {maxSize=10MB} to RequestSize
2026-06-08T23:28:51.639+08:00 DEBUG 137080 --- [gateway-service] [           main] [                                                 ] o.s.c.g.r.RouteDefinitionRouteLocator    : RouteDefinition user-service applying filter {_genkey_0=1} to StripPrefix
2026-06-08T23:28:51.640+08:00 DEBUG 137080 --- [gateway-service] [           main] [                                                 ] o.s.c.g.r.RouteDefinitionRouteLocator    : RouteDefinition matched: user-service
2026-06-08T23:28:51.640+08:00 DEBUG 137080 --- [gateway-service] [           main] [                                                 ] o.s.c.g.r.RouteDefinitionRouteLocator    : RouteDefinition auth-service-main applying {_genkey_0=/api/auth/**} to Path
2026-06-08T23:28:51.641+08:00 DEBUG 137080 --- [gateway-service] [           main] [                                                 ] o.s.c.g.r.RouteDefinitionRouteLocator    : RouteDefinition auth-service-main applying filter {maxSize=10MB} to RequestSize
2026-06-08T23:28:51.642+08:00 DEBUG 137080 --- [gateway-service] [           main] [                                                 ] o.s.c.g.r.RouteDefinitionRouteLocator    : RouteDefinition auth-service-main applying filter {_genkey_0=1} to StripPrefix
2026-06-08T23:28:51.643+08:00 DEBUG 137080 --- [gateway-service] [           main] [                                                 ] o.s.c.g.r.RouteDefinitionRouteLocator    : RouteDefinition matched: auth-service-main
2026-06-08T23:28:51.643+08:00 DEBUG 137080 --- [gateway-service] [           main] [                                                 ] o.s.c.g.r.RouteDefinitionRouteLocator    : RouteDefinition course-service applying {_genkey_0=/api/courses/**} to Path
2026-06-08T23:28:51.646+08:00 DEBUG 137080 --- [gateway-service] [           main] [                                                 ] o.s.c.g.r.RouteDefinitionRouteLocator    : RouteDefinition course-service applying filter {maxSize=10MB} to RequestSize
2026-06-08T23:28:51.649+08:00 DEBUG 137080 --- [gateway-service] [           main] [                                                 ] o.s.c.g.r.RouteDefinitionRouteLocator    : RouteDefinition course-service applying filter {_genkey_0=1} to StripPrefix
2026-06-08T23:28:51.650+08:00 DEBUG 137080 --- [gateway-service] [           main] [                                                 ] o.s.c.g.r.RouteDefinitionRouteLocator    : RouteDefinition matched: course-service
2026-06-08T23:28:51.650+08:00 DEBUG 137080 --- [gateway-service] [           main] [                                                 ] o.s.c.g.r.RouteDefinitionRouteLocator    : RouteDefinition auth-service applying {_genkey_0=/api/roles/**, _genkey_1=/api/permissions/**, _genkey_2=/api/role-permissions/**} to Path
2026-06-08T23:28:51.651+08:00 DEBUG 137080 --- [gateway-service] [           main] [                                                 ] o.s.c.g.r.RouteDefinitionRouteLocator    : RouteDefinition auth-service applying filter {maxSize=10MB} to RequestSize
2026-06-08T23:28:51.653+08:00 DEBUG 137080 --- [gateway-service] [           main] [                                                 ] o.s.c.g.r.RouteDefinitionRouteLocator    : RouteDefinition auth-service applying filter {_genkey_0=1} to StripPrefix
2026-06-08T23:28:51.655+08:00 DEBUG 137080 --- [gateway-service] [           main] [                                                 ] o.s.c.g.r.RouteDefinitionRouteLocator    : RouteDefinition matched: auth-service
2026-06-08T23:28:51.655+08:00 DEBUG 137080 --- [gateway-service] [           main] [                                                 ] o.s.c.g.r.RouteDefinitionRouteLocator    : RouteDefinition message-service applying {_genkey_0=/api/messages/**} to Path
2026-06-08T23:28:51.656+08:00 DEBUG 137080 --- [gateway-service] [           main] [                                                 ] o.s.c.g.r.RouteDefinitionRouteLocator    : RouteDefinition message-service applying filter {maxSize=10MB} to RequestSize
2026-06-08T23:28:51.656+08:00 DEBUG 137080 --- [gateway-service] [           main] [                                                 ] o.s.c.g.r.RouteDefinitionRouteLocator    : RouteDefinition message-service applying filter {_genkey_0=1} to StripPrefix
2026-06-08T23:28:51.659+08:00 DEBUG 137080 --- [gateway-service] [           main] [                                                 ] o.s.c.g.r.RouteDefinitionRouteLocator    : RouteDefinition matched: message-service
2026-06-08T23:28:51.660+08:00 DEBUG 137080 --- [gateway-service] [           main] [                                                 ] o.s.c.g.r.RouteDefinitionRouteLocator    : RouteDefinition student-service applying {_genkey_0=/api/students/**} to Path
2026-06-08T23:28:51.661+08:00 DEBUG 137080 --- [gateway-service] [           main] [                                                 ] o.s.c.g.r.RouteDefinitionRouteLocator    : RouteDefinition student-service applying filter {maxSize=10MB} to RequestSize
2026-06-08T23:28:51.662+08:00 DEBUG 137080 --- [gateway-service] [           main] [                                                 ] o.s.c.g.r.RouteDefinitionRouteLocator    : RouteDefinition student-service applying filter {_genkey_0=1} to StripPrefix
2026-06-08T23:28:51.664+08:00 DEBUG 137080 --- [gateway-service] [           main] [                                                 ] o.s.c.g.r.RouteDefinitionRouteLocator    : RouteDefinition matched: student-service
2026-06-08T23:28:51.664+08:00 DEBUG 137080 --- [gateway-service] [           main] [                                                 ] o.s.c.g.r.RouteDefinitionRouteLocator    : RouteDefinition teacher-service applying {_genkey_0=/api/teachers/**} to Path
2026-06-08T23:28:51.665+08:00 DEBUG 137080 --- [gateway-service] [           main] [                                                 ] o.s.c.g.r.RouteDefinitionRouteLocator    : RouteDefinition teacher-service applying filter {maxSize=10MB} to RequestSize
2026-06-08T23:28:51.666+08:00 DEBUG 137080 --- [gateway-service] [           main] [                                                 ] o.s.c.g.r.RouteDefinitionRouteLocator    : RouteDefinition teacher-service applying filter {_genkey_0=1} to StripPrefix
2026-06-08T23:28:51.666+08:00 DEBUG 137080 --- [gateway-service] [           main] [                                                 ] o.s.c.g.r.RouteDefinitionRouteLocator    : RouteDefinition matched: teacher-service
2026-06-08T23:28:51.666+08:00 DEBUG 137080 --- [gateway-service] [           main] [                                                 ] o.s.c.g.r.RouteDefinitionRouteLocator    : RouteDefinition ai-service applying {_genkey_0=/api/ai/**} to Path
2026-06-08T23:28:51.668+08:00 DEBUG 137080 --- [gateway-service] [           main] [                                                 ] o.s.c.g.r.RouteDefinitionRouteLocator    : RouteDefinition ai-service applying filter {maxSize=10MB} to RequestSize
2026-06-08T23:28:51.669+08:00 DEBUG 137080 --- [gateway-service] [           main] [                                                 ] o.s.c.g.r.RouteDefinitionRouteLocator    : RouteDefinition ai-service applying filter {_genkey_0=1} to StripPrefix
2026-06-08T23:28:51.670+08:00 DEBUG 137080 --- [gateway-service] [           main] [                                                 ] o.s.c.g.r.RouteDefinitionRouteLocator    : RouteDefinition matched: ai-service
2026-06-08T23:28:51.670+08:00 DEBUG 137080 --- [gateway-service] [           main] [                                                 ] o.s.c.g.r.RouteDefinitionRouteLocator    : RouteDefinition admin-service applying {_genkey_0=/api/admin/**} to Path
2026-06-08T23:28:51.671+08:00 DEBUG 137080 --- [gateway-service] [           main] [                                                 ] o.s.c.g.r.RouteDefinitionRouteLocator    : RouteDefinition admin-service applying filter {maxSize=10MB} to RequestSize
2026-06-08T23:28:51.671+08:00 DEBUG 137080 --- [gateway-service] [           main] [                                                 ] o.s.c.g.r.RouteDefinitionRouteLocator    : RouteDefinition admin-service applying filter {_genkey_0=1} to StripPrefix
2026-06-08T23:28:51.673+08:00 DEBUG 137080 --- [gateway-service] [           main] [                                                 ] o.s.c.g.r.RouteDefinitionRouteLocator    : RouteDefinition matched: admin-service
2026-06-08T23:28:51.673+08:00 DEBUG 137080 --- [gateway-service] [           main] [                                                 ] o.s.c.g.r.RouteDefinitionRouteLocator    : RouteDefinition counselor-service applying {_genkey_0=/api/counselors/**} to Path
2026-06-08T23:28:51.674+08:00 DEBUG 137080 --- [gateway-service] [           main] [                                                 ] o.s.c.g.r.RouteDefinitionRouteLocator    : RouteDefinition counselor-service applying filter {maxSize=10MB} to RequestSize
2026-06-08T23:28:51.674+08:00 DEBUG 137080 --- [gateway-service] [           main] [                                                 ] o.s.c.g.r.RouteDefinitionRouteLocator    : RouteDefinition counselor-service applying filter {_genkey_0=1} to StripPrefix
2026-06-08T23:28:51.675+08:00 DEBUG 137080 --- [gateway-service] [           main] [                                                 ] o.s.c.g.r.RouteDefinitionRouteLocator    : RouteDefinition matched: counselor-service
2026-06-08T23:28:51.675+08:00 DEBUG 137080 --- [gateway-service] [           main] [                                                 ] o.s.c.g.r.RouteDefinitionRouteLocator    : RouteDefinition resource-service applying {_genkey_0=/api/resources/**} to Path
2026-06-08T23:28:51.675+08:00 DEBUG 137080 --- [gateway-service] [           main] [                                                 ] o.s.c.g.r.RouteDefinitionRouteLocator    : RouteDefinition resource-service applying filter {maxSize=10MB} to RequestSize
2026-06-08T23:28:51.677+08:00 DEBUG 137080 --- [gateway-service] [           main] [                                                 ] o.s.c.g.r.RouteDefinitionRouteLocator    : RouteDefinition resource-service applying filter {_genkey_0=1} to StripPrefix
2026-06-08T23:28:51.678+08:00 DEBUG 137080 --- [gateway-service] [           main] [                                                 ] o.s.c.g.r.RouteDefinitionRouteLocator    : RouteDefinition matched: resource-service
2026-06-08T23:28:51.678+08:00 DEBUG 137080 --- [gateway-service] [           main] [                                                 ] o.s.c.g.r.RouteDefinitionRouteLocator    : RouteDefinition warning-service applying {_genkey_0=/api/warnings/**} to Path
2026-06-08T23:28:51.679+08:00 DEBUG 137080 --- [gateway-service] [           main] [                                                 ] o.s.c.g.r.RouteDefinitionRouteLocator    : RouteDefinition warning-service applying filter {maxSize=10MB} to RequestSize
2026-06-08T23:28:51.680+08:00 DEBUG 137080 --- [gateway-service] [           main] [                                                 ] o.s.c.g.r.RouteDefinitionRouteLocator    : RouteDefinition warning-service applying filter {_genkey_0=1} to StripPrefix
2026-06-08T23:28:51.681+08:00 DEBUG 137080 --- [gateway-service] [           main] [                                                 ] o.s.c.g.r.RouteDefinitionRouteLocator    : RouteDefinition matched: warning-service
2026-06-08T23:28:51.681+08:00 DEBUG 137080 --- [gateway-service] [           main] [                                                 ] o.s.c.g.r.RouteDefinitionRouteLocator    : RouteDefinition message-service-ws applying {_genkey_0=/ws/**} to Path
2026-06-08T23:28:51.682+08:00 DEBUG 137080 --- [gateway-service] [           main] [                                                 ] o.s.c.g.r.RouteDefinitionRouteLocator    : RouteDefinition message-service-ws applying filter {maxSize=10MB} to RequestSize
2026-06-08T23:28:51.683+08:00 DEBUG 137080 --- [gateway-service] [           main] [                                                 ] o.s.c.g.r.RouteDefinitionRouteLocator    : RouteDefinition matched: message-service-ws
2026-06-08T23:28:51.686+08:00 DEBUG 137080 --- [gateway-service] [           main] [                                                 ] o.s.c.g.filter.GatewayMetricsFilter      : New routes count: 16
2026-06-08T23:28:51.689+08:00  INFO 137080 --- [gateway-service] [           main] [                                                 ] com.academic.GatewayServiceApplication   : Started GatewayServiceApplication in 12.004 seconds (process running for 13.113)
2026-06-08T23:29:29.734+08:00 DEBUG 137080 --- [gateway-service] [ctor-http-nio-3] [                                                 ] o.s.c.g.h.RoutePredicateHandlerMapping   : Route matched: admin-service
2026-06-08T23:29:29.739+08:00 DEBUG 137080 --- [gateway-service] [ctor-http-nio-3] [                                                 ] o.s.c.g.h.RoutePredicateHandlerMapping   : Mapping [Exchange: GET http://localhost:8076/api/admin/class-management/applications?size=5] to Route{id='admin-service', uri=http://localhost:8070, order=0, predicate=Paths: [/api/admin/**], match trailing slash: true, gatewayFilters=[[[RequestSize max = 10485760B], order = 1], [[StripPrefix parts = 1], order = 1]], metadata={}}
2026-06-08T23:29:29.740+08:00 DEBUG 137080 --- [gateway-service] [ctor-http-nio-3] [                                                 ] o.s.c.g.h.RoutePredicateHandlerMapping   : [3a50b604-2] Mapped to org.springframework.cloud.gateway.handler.FilteringWebHandler@381a41df
2026-06-08T23:29:29.740+08:00 DEBUG 137080 --- [gateway-service] [ctor-http-nio-3] [                                                 ] o.s.c.g.handler.FilteringWebHandler      : Sorted gatewayFilterFactories: [[GatewayFilterAdapter{delegate=org.springframework.cloud.gateway.filter.RemoveCachedBodyFilter@4ad3969}, order = -2147483648], [GatewayFilterAdapter{delegate=org.springframework.cloud.gateway.filter.AdaptCachedBodyGlobalFilter@22002459}, order = -2147482648], [GatewayFilterAdapter{delegate=com.academic.filter.GlobalRequestFilter@537451d5}, order = -100], [GatewayFilterAdapter{delegate=com.academic.filter.LoggingFilter@785d6a98}, order = -90], [GatewayFilterAdapter{delegate=com.academic.filter.AuthenticationFilter@12e3f4ae}, order = -80], [GatewayFilterAdapter{delegate=org.springframework.cloud.gateway.filter.NettyWriteResponseFilter@e171f93}, order = -1], [GatewayFilterAdapter{delegate=org.springframework.cloud.gateway.filter.ForwardPathFilter@1ba7db2a}, order = 0], [GatewayFilterAdapter{delegate=org.springframework.cloud.gateway.filter.GatewayMetricsFilter@54e94de9}, order = 0], [[RequestSize max = 10485760B], order = 1], [[StripPrefix parts = 1], order = 1], [GatewayFilterAdapter{delegate=org.springframework.cloud.gateway.filter.RouteToRequestUrlFilter@5d7ff311}, order = 10000], [GatewayFilterAdapter{delegate=org.springframework.cloud.gateway.filter.ReactiveLoadBalancerClientFilter@614d7fbf}, order = 10150], [GatewayFilterAdapter{delegate=org.springframework.cloud.gateway.filter.LoadBalancerServiceInstanceCookieFilter@6c06b1bc}, order = 10151], [GatewayFilterAdapter{delegate=org.springframework.cloud.gateway.filter.WebsocketRoutingFilter@762cdf46}, order = 2147483646], [GatewayFilterAdapter{delegate=org.springframework.cloud.gateway.filter.NettyRoutingFilter@1d8dbf10}, order = 2147483647], [GatewayFilterAdapter{delegate=org.springframework.cloud.gateway.filter.ForwardRoutingFilter@2d7aa291}, order = 2147483647]]
2026-06-08T23:29:29.744+08:00  INFO 137080 --- [gateway-service] [ctor-http-nio-3] [                                                 ] com.academic.filter.LoggingFilter        : 请求路径: GET /api/admin/class-management/applications, 开始时间: 2026-06-08T15:29:29.744169300Z
2026-06-08T23:29:29.745+08:00  WARN 137080 --- [gateway-service] [ctor-http-nio-3] [                                                 ] c.academic.filter.AuthenticationFilter   : 缺少 Authorization 头: /api/admin/class-management/applications
2026-06-08T23:29:29.745+08:00  INFO 137080 --- [gateway-service] [ctor-http-nio-3] [                                                 ] com.academic.filter.LoggingFilter        : 请求完成: GET /api/admin/class-management/applications, 状态码: 401, 耗时: 1ms
2026-06-08T23:29:30.111+08:00 DEBUG 137080 --- [gateway-service] [ctor-http-nio-4] [                                                 ] o.s.c.g.h.RoutePredicateHandlerMapping   : Route matched: admin-service
2026-06-08T23:29:30.111+08:00 DEBUG 137080 --- [gateway-service] [ctor-http-nio-4] [                                                 ] o.s.c.g.h.RoutePredicateHandlerMapping   : Mapping [Exchange: GET http://localhost:8076/api/admin/class-management/applications?size=5] to Route{id='admin-service', uri=http://localhost:8070, order=0, predicate=Paths: [/api/admin/**], match trailing slash: true, gatewayFilters=[[[RequestSize max = 10485760B], order = 1], [[StripPrefix parts = 1], order = 1]], metadata={}}
2026-06-08T23:29:30.111+08:00 DEBUG 137080 --- [gateway-service] [ctor-http-nio-4] [                                                 ] o.s.c.g.h.RoutePredicateHandlerMapping   : [c71999e4-3] Mapped to org.springframework.cloud.gateway.handler.FilteringWebHandler@381a41df
2026-06-08T23:29:30.111+08:00 DEBUG 137080 --- [gateway-service] [ctor-http-nio-4] [                                                 ] o.s.c.g.handler.FilteringWebHandler      : Sorted gatewayFilterFactories: [[GatewayFilterAdapter{delegate=org.springframework.cloud.gateway.filter.RemoveCachedBodyFilter@4ad3969}, order = -2147483648], [GatewayFilterAdapter{delegate=org.springframework.cloud.gateway.filter.AdaptCachedBodyGlobalFilter@22002459}, order = -2147482648], [GatewayFilterAdapter{delegate=com.academic.filter.GlobalRequestFilter@537451d5}, order = -100], [GatewayFilterAdapter{delegate=com.academic.filter.LoggingFilter@785d6a98}, order = -90], [GatewayFilterAdapter{delegate=com.academic.filter.AuthenticationFilter@12e3f4ae}, order = -80], [GatewayFilterAdapter{delegate=org.springframework.cloud.gateway.filter.NettyWriteResponseFilter@e171f93}, order = -1], [GatewayFilterAdapter{delegate=org.springframework.cloud.gateway.filter.ForwardPathFilter@1ba7db2a}, order = 0], [GatewayFilterAdapter{delegate=org.springframework.cloud.gateway.filter.GatewayMetricsFilter@54e94de9}, order = 0], [[RequestSize max = 10485760B], order = 1], [[StripPrefix parts = 1], order = 1], [GatewayFilterAdapter{delegate=org.springframework.cloud.gateway.filter.RouteToRequestUrlFilter@5d7ff311}, order = 10000], [GatewayFilterAdapter{delegate=org.springframework.cloud.gateway.filter.ReactiveLoadBalancerClientFilter@614d7fbf}, order = 10150], [GatewayFilterAdapter{delegate=org.springframework.cloud.gateway.filter.LoadBalancerServiceInstanceCookieFilter@6c06b1bc}, order = 10151], [GatewayFilterAdapter{delegate=org.springframework.cloud.gateway.filter.WebsocketRoutingFilter@762cdf46}, order = 2147483646], [GatewayFilterAdapter{delegate=org.springframework.cloud.gateway.filter.NettyRoutingFilter@1d8dbf10}, order = 2147483647], [GatewayFilterAdapter{delegate=org.springframework.cloud.gateway.filter.ForwardRoutingFilter@2d7aa291}, order = 2147483647]]
2026-06-08T23:29:30.111+08:00  INFO 137080 --- [gateway-service] [ctor-http-nio-4] [                                                 ] com.academic.filter.LoggingFilter        : 请求路径: GET /api/admin/class-management/applications, 开始时间: 2026-06-08T15:29:30.111739400Z
2026-06-08T23:29:30.112+08:00  WARN 137080 --- [gateway-service] [ctor-http-nio-4] [                                                 ] c.academic.filter.AuthenticationFilter   : 缺少 Authorization 头: /api/admin/class-management/applications
2026-06-08T23:29:30.112+08:00  INFO 137080 --- [gateway-service] [ctor-http-nio-4] [                                                 ] com.academic.filter.LoggingFilter        : 请求完成: GET /api/admin/class-management/applications, 状态码: 401, 耗时: 1ms
^C